INFO 2017-03-06 17:35:14,351 "GET /product/Deep/ HTTP/1.1" 200 9472
INFO 2017-03-06 17:35:23,852 "GET /product/Fine/ HTTP/1.1" 200 9394
INFO 2017-03-06 17:38:12,555 "GET /information/ HTTP/1.1" 200 11623
INFO 2017-03-06 17:38:12,596 "GET /information/css/jquery-ui.css HTTP/1.1" 200 11623
INFO 2017-03-06 17:38:22,640 "POST /email/ HTTP/1.1" 200 34
INFO 2017-03-06 17:39:42,062 eqwe@ewe have written in db
INFO 2017-03-06 17:39:42,062 "POST /email/ HTTP/1.1" 200 34
ERROR 2017-03-06 17:41:16,575 9222@qq.com have already exsit
INFO 2017-03-06 17:41:16,576 "POST /email/ HTTP/1.1" 200 20
INFO 2017-03-06 17:44:31,115 "GET /contact_us/ HTTP/1.1" 200 10478
INFO 2017-03-06 17:44:40,306 Contect object suggest have written in db 
INFO 2017-03-06 17:44:40,309 "POST /contact_us/ HTTP/1.1" 200 37
INFO 2017-03-06 17:45:57,045 Contect object suggest have written in db 
INFO 2017-03-06 17:45:57,046 "POST /contact_us/ HTTP/1.1" 200 37
INFO 2017-03-06 17:46:33,726 dwqdqE suggest have written in db 
INFO 2017-03-06 17:46:33,726 "POST /contact_us/ HTTP/1.1" 200 37
INFO 2017-03-06 17:47:57,003 "GET /information/ HTTP/1.1" 200 11623
INFO 2017-03-06 17:47:57,053 "GET /information/css/jquery-ui.css HTTP/1.1" 200 11623
INFO 2017-03-06 17:48:14,017 "GET /product/Deep/ HTTP/1.1" 200 9472
INFO 2017-03-06 17:48:16,181 "GET /product/Derm/ HTTP/1.1" 200 9425
INFO 2017-03-06 17:48:16,875 "GET /product/Fine/ HTTP/1.1" 200 9394
INFO 2017-06-14 13:21:57,730 "GET / HTTP/1.1" 200 12241
INFO 2017-06-14 13:21:58,634 "GET /static/css/jquery-ui.css HTTP/1.1" 200 31391
INFO 2017-06-14 13:21:58,638 "GET /static/css/animate.css HTTP/1.1" 200 72259
INFO 2017-06-14 13:21:58,638 "GET /static/js/jquery-2.1.4.min.js HTTP/1.1" 200 84345
INFO 2017-06-14 13:21:58,638 "GET /static/css/popuo-box.css HTTP/1.1" 200 5637
INFO 2017-06-14 13:21:58,638 "GET /static/css/style.css HTTP/1.1" 200 76040
INFO 2017-06-14 13:21:58,648 "GET /static/css/bootstrap.css HTTP/1.1" 200 141622
INFO 2017-06-14 13:21:58,651 "GET /static/js/numscroller-1.0.js HTTP/1.1" 200 3689
INFO 2017-06-14 13:21:58,651 "GET /static/js/move-top.js HTTP/1.1" 200 1330
INFO 2017-06-14 13:21:58,654 "GET /static/js/easing.js HTTP/1.1" 200 4759
INFO 2017-06-14 13:21:58,654 "GET /static/js/case.js HTTP/1.1" 200 1906
INFO 2017-06-14 13:21:58,655 "GET /static/js/responsiveslides.min.js HTTP/1.1" 200 3397
INFO 2017-06-14 13:21:58,668 "GET /static/js/wow.min.js HTTP/1.1" 200 4776
INFO 2017-06-14 13:21:58,717 "GET /static/js/jquery-ui.js HTTP/1.1" 200 450163
INFO 2017-06-14 13:21:58,717 "GET /static/js/bootstrap-3.1.1.min.js HTTP/1.1" 200 29110
INFO 2017-06-14 13:21:58,727 "GET /static/images/logo.png HTTP/1.1" 200 19758
INFO 2017-06-14 13:21:58,796 "GET /static/images/skin_01.png HTTP/1.1" 200 5682
INFO 2017-06-14 13:21:58,796 "GET /static/images/skin_02.png HTTP/1.1" 200 5473
WARNING 2017-06-14 13:21:58,801 "GET /static/css/images/load.gif HTTP/1.1" 404 1670
INFO 2017-06-14 13:21:59,069 "GET /static/images/pic2.jpg HTTP/1.1" 200 62839
INFO 2017-06-14 13:21:59,154 "GET /static/images/works.png HTTP/1.1" 200 336689
WARNING 2017-06-14 13:21:59,188 "GET /favicon.ico HTTP/1.1" 404 3265
INFO 2017-06-14 13:22:10,819 "GET /admin HTTP/1.1" 301 0
INFO 2017-06-14 13:22:10,855 "GET /admin/ HTTP/1.1" 302 0
INFO 2017-06-14 13:22:11,065 "GET /admin/login/?next=/admin/ HTTP/1.1" 200 1639
INFO 2017-06-14 13:22:11,075 "GET /static/admin/css/login.css HTTP/1.1" 200 1203
INFO 2017-06-14 13:22:11,078 "GET /static/admin/css/base.css HTTP/1.1" 200 16066
INFO 2017-06-14 13:22:11,117 "GET /static/admin/css/fonts.css HTTP/1.1" 200 423
INFO 2017-06-14 13:22:11,125 "GET /static/admin/fonts/Roboto-Regular-webfont.woff HTTP/1.1" 200 80304
INFO 2017-06-14 13:22:11,134 "GET /static/admin/fonts/Roboto-Light-webfont.woff HTTP/1.1" 200 81348
INFO 2017-06-14 13:22:15,420 "POST /admin/login/?next=/admin/ HTTP/1.1" 302 0
INFO 2017-06-14 13:22:15,479 "GET /admin/ HTTP/1.1" 200 7696
INFO 2017-06-14 13:22:15,486 "GET /static/admin/css/dashboard.css HTTP/1.1" 200 412
INFO 2017-06-14 13:22:15,496 "GET /static/admin/img/icon-addlink.svg HTTP/1.1" 200 331
INFO 2017-06-14 13:22:15,497 "GET /static/admin/img/icon-changelink.svg HTTP/1.1" 200 380
INFO 2017-06-14 13:22:15,497 "GET /static/admin/fonts/Roboto-Bold-webfont.woff HTTP/1.1" 200 82564
INFO 2017-06-14 13:22:18,706 "GET /admin/en/banner/ HTTP/1.1" 200 3041
INFO 2017-06-14 13:22:18,716 "GET /static/admin/css/changelists.css HTTP/1.1" 200 6170
INFO 2017-06-14 13:22:18,730 "GET /static/admin/js/core.js HTTP/1.1" 200 7976
INFO 2017-06-14 13:22:18,734 "GET /static/admin/js/jquery.init.js HTTP/1.1" 200 363
INFO 2017-06-14 13:22:18,736 "GET /static/admin/js/admin/RelatedObjectLookups.js HTTP/1.1" 200 6591
INFO 2017-06-14 13:22:18,736 "GET /static/admin/js/actions.js HTTP/1.1" 200 6501
INFO 2017-06-14 13:22:18,739 "GET /static/admin/js/urlify.js HTTP/1.1" 200 8186
INFO 2017-06-14 13:22:18,746 "GET /admin/jsi18n/ HTTP/1.1" 200 3217
INFO 2017-06-14 13:22:18,776 "GET /static/admin/js/prepopulate.js HTTP/1.1" 200 1538
INFO 2017-06-14 13:22:19,078 "GET /static/admin/js/vendor/jquery/jquery.js HTTP/1.1" 200 258648
INFO 2017-06-14 13:22:19,078 "GET /static/admin/js/vendor/xregexp/xregexp.js HTTP/1.1" 200 128820
INFO 2017-06-14 13:22:19,157 "GET /static/admin/img/tooltag-add.svg HTTP/1.1" 200 331
INFO 2017-06-14 13:22:20,433 "GET /admin/en/banner/add/ HTTP/1.1" 200 4274
INFO 2017-06-14 13:22:20,451 "GET /static/admin/css/forms.css HTTP/1.1" 200 8173
INFO 2017-06-14 13:22:20,454 "GET /static/admin/js/change_form.js HTTP/1.1" 200 712
INFO 2017-06-14 13:22:20,454 "GET /static/admin/js/prepopulate_init.js HTTP/1.1" 200 495
INFO 2017-06-14 13:22:20,466 "GET /admin/jsi18n/ HTTP/1.1" 200 3217
INFO 2017-06-14 13:22:20,487 "GET /static/admin/css/widgets.css HTTP/1.1" 200 10340
INFO 2017-06-14 13:23:05,033 "POST /admin/en/banner/add/ HTTP/1.1" 302 0
INFO 2017-06-14 13:23:05,108 "GET /admin/en/banner/ HTTP/1.1" 200 4815
INFO 2017-06-14 13:23:05,128 "GET /static/admin/css/base.css HTTP/1.1" 304 0
INFO 2017-06-14 13:23:05,130 "GET /static/admin/js/core.js HTTP/1.1" 304 0
INFO 2017-06-14 13:23:05,138 "GET /static/admin/css/changelists.css HTTP/1.1" 304 0
INFO 2017-06-14 13:23:05,138 "GET /static/admin/js/vendor/jquery/jquery.js HTTP/1.1" 304 0
INFO 2017-06-14 13:23:05,141 "GET /static/admin/js/jquery.init.js HTTP/1.1" 304 0
INFO 2017-06-14 13:23:05,151 "GET /static/admin/js/admin/RelatedObjectLookups.js HTTP/1.1" 304 0
INFO 2017-06-14 13:23:05,153 "GET /static/admin/js/actions.js HTTP/1.1" 304 0
INFO 2017-06-14 13:23:05,155 "GET /static/admin/css/fonts.css HTTP/1.1" 304 0
INFO 2017-06-14 13:23:05,157 "GET /static/admin/js/urlify.js HTTP/1.1" 304 0
INFO 2017-06-14 13:23:05,158 "GET /static/admin/js/prepopulate.js HTTP/1.1" 304 0
INFO 2017-06-14 13:23:05,161 "GET /static/admin/js/vendor/xregexp/xregexp.js HTTP/1.1" 304 0
INFO 2017-06-14 13:23:05,168 "GET /admin/jsi18n/ HTTP/1.1" 200 3217
INFO 2017-06-14 13:23:05,210 "GET /static/admin/fonts/Roboto-Light-webfont.woff HTTP/1.1" 304 0
INFO 2017-06-14 13:23:05,211 "GET /static/admin/fonts/Roboto-Bold-webfont.woff HTTP/1.1" 304 0
INFO 2017-06-14 13:23:05,213 "GET /static/admin/fonts/Roboto-Regular-webfont.woff HTTP/1.1" 304 0
INFO 2017-06-14 13:23:05,214 "GET /static/admin/img/icon-yes.svg HTTP/1.1" 200 436
INFO 2017-06-14 13:23:05,216 "GET /static/admin/img/tooltag-add.svg HTTP/1.1" 304 0
INFO 2017-06-14 13:23:08,457 "GET /admin/en/banner/add/ HTTP/1.1" 200 4274
INFO 2017-06-14 13:23:08,479 "GET /static/admin/css/forms.css HTTP/1.1" 304 0
INFO 2017-06-14 13:23:08,483 "GET /static/admin/js/change_form.js HTTP/1.1" 304 0
INFO 2017-06-14 13:23:08,487 "GET /static/admin/js/prepopulate_init.js HTTP/1.1" 304 0
INFO 2017-06-14 13:23:08,490 "GET /static/admin/css/widgets.css HTTP/1.1" 304 0
INFO 2017-06-14 13:23:08,497 "GET /admin/jsi18n/ HTTP/1.1" 200 3217
INFO 2017-06-14 13:23:16,832 "POST /admin/en/banner/add/ HTTP/1.1" 302 0
INFO 2017-06-14 13:23:16,871 "GET /admin/en/banner/add/ HTTP/1.1" 200 4497
INFO 2017-06-14 13:23:16,891 "GET /admin/jsi18n/ HTTP/1.1" 200 3217
INFO 2017-06-14 13:23:24,836 "POST /admin/en/banner/add/ HTTP/1.1" 302 0
INFO 2017-06-14 13:23:24,910 "GET /admin/en/banner/add/ HTTP/1.1" 200 4497
INFO 2017-06-14 13:23:24,927 "GET /admin/jsi18n/ HTTP/1.1" 200 3217
INFO 2017-06-14 13:23:27,380 "GET / HTTP/1.1" 200 12769
INFO 2017-06-14 13:23:27,404 "GET /upload/banner/banner1_CoX5twn.jpg HTTP/1.1" 200 156488
INFO 2017-06-14 13:23:27,420 "GET /upload/banner/banner2_Cve3Pwe.jpg HTTP/1.1" 200 168133
INFO 2017-06-14 13:23:27,457 "GET /upload/banner/banner3_W95QgVU.jpg HTTP/1.1" 200 204269
WARNING 2017-06-14 13:23:27,494 "GET /static/css/images/load.gif HTTP/1.1" 404 1670
INFO 2017-06-14 13:23:50,243 "POST /admin/en/banner/add/ HTTP/1.1" 302 0
INFO 2017-06-14 13:23:50,296 "GET /admin/en/banner/ HTTP/1.1" 200 5826
INFO 2017-06-14 13:23:50,315 "GET /static/admin/css/base.css HTTP/1.1" 304 0
INFO 2017-06-14 13:23:50,319 "GET /static/admin/css/changelists.css HTTP/1.1" 304 0
INFO 2017-06-14 13:23:50,322 "GET /static/admin/js/core.js HTTP/1.1" 304 0
INFO 2017-06-14 13:23:50,325 "GET /static/admin/js/vendor/jquery/jquery.js HTTP/1.1" 304 0
INFO 2017-06-14 13:23:50,328 "GET /static/admin/js/jquery.init.js HTTP/1.1" 304 0
INFO 2017-06-14 13:23:50,331 "GET /static/admin/js/admin/RelatedObjectLookups.js HTTP/1.1" 304 0
INFO 2017-06-14 13:23:50,334 "GET /static/admin/css/fonts.css HTTP/1.1" 304 0
INFO 2017-06-14 13:23:50,336 "GET /static/admin/js/actions.js HTTP/1.1" 304 0
INFO 2017-06-14 13:23:50,338 "GET /static/admin/js/urlify.js HTTP/1.1" 304 0
INFO 2017-06-14 13:23:50,339 "GET /static/admin/js/prepopulate.js HTTP/1.1" 304 0
INFO 2017-06-14 13:23:50,341 "GET /static/admin/js/vendor/xregexp/xregexp.js HTTP/1.1" 304 0
INFO 2017-06-14 13:23:50,345 "GET /admin/jsi18n/ HTTP/1.1" 200 3217
INFO 2017-06-14 13:23:50,369 "GET /static/admin/fonts/Roboto-Light-webfont.woff HTTP/1.1" 304 0
INFO 2017-06-14 13:23:50,371 "GET /static/admin/fonts/Roboto-Bold-webfont.woff HTTP/1.1" 304 0
INFO 2017-06-14 13:23:50,371 "GET /static/admin/fonts/Roboto-Regular-webfont.woff HTTP/1.1" 304 0
INFO 2017-06-14 13:23:50,372 "GET /static/admin/img/icon-yes.svg HTTP/1.1" 304 0
INFO 2017-06-14 13:23:50,375 "GET /static/admin/img/tooltag-add.svg HTTP/1.1" 304 0
INFO 2017-06-14 13:23:52,348 "GET / HTTP/1.1" 200 12932
INFO 2017-06-14 13:23:52,371 "GET /upload/banner/banner1_CoX5twn.jpg HTTP/1.1" 304 0
INFO 2017-06-14 13:23:52,397 "GET /upload/banner/banner2_Cve3Pwe.jpg HTTP/1.1" 304 0
INFO 2017-06-14 13:23:52,405 "GET /upload/banner/banner3_W95QgVU.jpg HTTP/1.1" 304 0
INFO 2017-06-14 13:23:52,414 "GET /upload/banner/c2.jpg HTTP/1.1" 200 13995
WARNING 2017-06-14 13:23:52,450 "GET /static/css/images/load.gif HTTP/1.1" 404 1670
INFO 2017-06-14 13:27:26,434 "GET /admin/en/ HTTP/1.1" 200 6475
INFO 2017-06-14 13:27:26,450 "GET /static/admin/css/base.css HTTP/1.1" 304 0
INFO 2017-06-14 13:27:26,453 "GET /static/admin/css/dashboard.css HTTP/1.1" 304 0
INFO 2017-06-14 13:27:26,454 "GET /static/admin/css/fonts.css HTTP/1.1" 304 0
INFO 2017-06-14 13:27:26,473 "GET /static/admin/fonts/Roboto-Light-webfont.woff HTTP/1.1" 304 0
INFO 2017-06-14 13:27:26,476 "GET /static/admin/fonts/Roboto-Bold-webfont.woff HTTP/1.1" 304 0
INFO 2017-06-14 13:27:26,477 "GET /static/admin/fonts/Roboto-Regular-webfont.woff HTTP/1.1" 304 0
INFO 2017-06-14 13:27:26,480 "GET /static/admin/img/icon-addlink.svg HTTP/1.1" 304 0
INFO 2017-06-14 13:27:26,486 "GET /static/admin/img/icon-changelink.svg HTTP/1.1" 304 0
INFO 2017-06-14 13:27:44,177 "GET /admin/en/index_adv/ HTTP/1.1" 200 3077
INFO 2017-06-14 13:27:44,203 "GET /static/admin/css/changelists.css HTTP/1.1" 304 0
INFO 2017-06-14 13:27:44,206 "GET /static/admin/js/core.js HTTP/1.1" 304 0
INFO 2017-06-14 13:27:44,210 "GET /static/admin/js/vendor/jquery/jquery.js HTTP/1.1" 304 0
INFO 2017-06-14 13:27:44,213 "GET /static/admin/js/jquery.init.js HTTP/1.1" 304 0
INFO 2017-06-14 13:27:44,214 "GET /static/admin/js/admin/RelatedObjectLookups.js HTTP/1.1" 304 0
INFO 2017-06-14 13:27:44,217 "GET /static/admin/js/actions.js HTTP/1.1" 304 0
INFO 2017-06-14 13:27:44,220 "GET /static/admin/js/urlify.js HTTP/1.1" 304 0
INFO 2017-06-14 13:27:44,220 "GET /static/admin/js/prepopulate.js HTTP/1.1" 304 0
INFO 2017-06-14 13:27:44,221 "GET /static/admin/js/vendor/xregexp/xregexp.js HTTP/1.1" 304 0
INFO 2017-06-14 13:27:44,227 "GET /admin/jsi18n/ HTTP/1.1" 200 3217
INFO 2017-06-14 13:27:44,280 "GET /static/admin/img/tooltag-add.svg HTTP/1.1" 304 0
INFO 2017-06-14 13:31:55,927 "GET /admin/en/index_adv/add/ HTTP/1.1" 200 4358
INFO 2017-06-14 13:31:55,948 "GET /static/admin/css/base.css HTTP/1.1" 304 0
INFO 2017-06-14 13:31:55,950 "GET /static/admin/css/forms.css HTTP/1.1" 304 0
INFO 2017-06-14 13:31:55,950 "GET /static/admin/js/vendor/jquery/jquery.js HTTP/1.1" 304 0
INFO 2017-06-14 13:31:55,950 "GET /static/admin/js/core.js HTTP/1.1" 304 0
INFO 2017-06-14 13:31:55,954 "GET /static/admin/js/jquery.init.js HTTP/1.1" 304 0
INFO 2017-06-14 13:31:55,964 "GET /static/admin/js/admin/RelatedObjectLookups.js HTTP/1.1" 304 0
INFO 2017-06-14 13:31:55,966 "GET /static/admin/js/actions.js HTTP/1.1" 304 0
INFO 2017-06-14 13:31:55,970 "GET /static/admin/js/urlify.js HTTP/1.1" 304 0
INFO 2017-06-14 13:31:55,973 "GET /static/admin/js/prepopulate.js HTTP/1.1" 304 0
INFO 2017-06-14 13:31:55,974 "GET /static/admin/css/fonts.css HTTP/1.1" 304 0
INFO 2017-06-14 13:31:55,977 "GET /static/admin/css/widgets.css HTTP/1.1" 304 0
INFO 2017-06-14 13:31:55,980 "GET /static/admin/js/vendor/xregexp/xregexp.js HTTP/1.1" 304 0
INFO 2017-06-14 13:31:55,980 "GET /static/admin/js/change_form.js HTTP/1.1" 304 0
INFO 2017-06-14 13:31:55,983 "GET /static/admin/js/prepopulate_init.js HTTP/1.1" 304 0
INFO 2017-06-14 13:31:55,986 "GET /admin/jsi18n/ HTTP/1.1" 200 3217
INFO 2017-06-14 13:31:56,009 "GET /static/admin/fonts/Roboto-Light-webfont.woff HTTP/1.1" 304 0
INFO 2017-06-14 13:31:56,013 "GET /static/admin/fonts/Roboto-Bold-webfont.woff HTTP/1.1" 304 0
INFO 2017-06-14 13:31:56,016 "GET /static/admin/fonts/Roboto-Regular-webfont.woff HTTP/1.1" 304 0
INFO 2017-06-14 13:35:27,371 "GET /admin/en/ HTTP/1.1" 200 6475
INFO 2017-06-14 13:35:27,382 "GET /static/admin/css/base.css HTTP/1.1" 304 0
INFO 2017-06-14 13:35:27,382 "GET /static/admin/css/dashboard.css HTTP/1.1" 304 0
INFO 2017-06-14 13:35:27,387 "GET /static/admin/css/fonts.css HTTP/1.1" 304 0
INFO 2017-06-14 13:35:27,407 "GET /static/admin/fonts/Roboto-Light-webfont.woff HTTP/1.1" 304 0
INFO 2017-06-14 13:35:27,414 "GET /static/admin/fonts/Roboto-Bold-webfont.woff HTTP/1.1" 304 0
INFO 2017-06-14 13:35:27,414 "GET /static/admin/fonts/Roboto-Regular-webfont.woff HTTP/1.1" 304 0
INFO 2017-06-14 13:35:27,417 "GET /static/admin/img/icon-addlink.svg HTTP/1.1" 304 0
INFO 2017-06-14 13:35:27,417 "GET /static/admin/img/icon-changelink.svg HTTP/1.1" 304 0
INFO 2017-06-14 13:35:28,641 "GET /admin/en/product/ HTTP/1.1" 200 3013
INFO 2017-06-14 13:35:28,661 "GET /static/admin/css/changelists.css HTTP/1.1" 304 0
INFO 2017-06-14 13:35:28,665 "GET /static/admin/js/core.js HTTP/1.1" 304 0
INFO 2017-06-14 13:35:28,668 "GET /static/admin/js/vendor/jquery/jquery.js HTTP/1.1" 304 0
INFO 2017-06-14 13:35:28,674 "GET /static/admin/js/jquery.init.js HTTP/1.1" 304 0
INFO 2017-06-14 13:35:28,676 "GET /static/admin/js/admin/RelatedObjectLookups.js HTTP/1.1" 304 0
INFO 2017-06-14 13:35:28,678 "GET /static/admin/js/actions.js HTTP/1.1" 304 0
INFO 2017-06-14 13:35:28,680 "GET /static/admin/js/urlify.js HTTP/1.1" 304 0
INFO 2017-06-14 13:35:28,683 "GET /static/admin/js/prepopulate.js HTTP/1.1" 304 0
INFO 2017-06-14 13:35:28,684 "GET /static/admin/js/vendor/xregexp/xregexp.js HTTP/1.1" 304 0
INFO 2017-06-14 13:35:28,690 "GET /admin/jsi18n/ HTTP/1.1" 200 3217
INFO 2017-06-14 13:35:28,709 "GET /static/admin/img/tooltag-add.svg HTTP/1.1" 304 0
INFO 2017-06-14 13:35:29,822 "GET /admin/en/product/add/ HTTP/1.1" 200 5713
INFO 2017-06-14 13:35:29,838 "GET /static/admin/css/forms.css HTTP/1.1" 304 0
INFO 2017-06-14 13:35:29,848 "GET /static/ueditor/ueditor.config.js HTTP/1.1" 200 19826
INFO 2017-06-14 13:35:29,848 "GET /static/admin/js/change_form.js HTTP/1.1" 304 0
INFO 2017-06-14 13:35:29,849 "GET /static/admin/js/prepopulate_init.js HTTP/1.1" 304 0
INFO 2017-06-14 13:35:29,851 "GET /static/admin/css/widgets.css HTTP/1.1" 304 0
INFO 2017-06-14 13:35:29,865 "GET /admin/jsi18n/ HTTP/1.1" 200 3217
INFO 2017-06-14 13:35:29,868 "GET /static/ueditor/ueditor.all.min.js HTTP/1.1" 200 367806
INFO 2017-06-14 13:35:29,930 "GET /static/ueditor/lang/zh-cn/zh-cn.js HTTP/1.1" 200 30020
INFO 2017-06-14 13:35:29,944 "GET /static/ueditor/themes/default/css/ueditor.css HTTP/1.1" 200 43760
INFO 2017-06-14 13:35:29,950 "GET /ueditor/controller/?imagePathFormat=banner&filePathFormat=files&action=config&&noCache=1497418529929 HTTP/1.1" 200 2171
INFO 2017-06-14 13:35:29,987 "GET /static/ueditor/themes/iframe.css HTTP/1.1" 200 41
INFO 2017-06-14 13:35:30,023 "GET /static/ueditor/themes/default/images/scale.png HTTP/1.1" 200 167
INFO 2017-06-14 13:35:30,023 "GET /static/ueditor/themes/default/images/icons.png HTTP/1.1" 200 19694
INFO 2017-06-14 13:35:30,066 "GET /static/ueditor/third-party/codemirror/codemirror.css HTTP/1.1" 200 2888
INFO 2017-06-14 13:35:30,069 "GET /static/ueditor/third-party/zeroclipboard/ZeroClipboard.js HTTP/1.1" 200 43216
INFO 2017-06-14 13:35:30,072 "GET /static/ueditor/third-party/codemirror/codemirror.js HTTP/1.1" 200 158605
INFO 2017-06-14 13:36:05,845 "GET /static/ueditor/themes/default/images/wordpaste.png HTTP/1.1" 200 6467
INFO 2017-06-14 13:36:09,944 "POST /admin/en/product/add/ HTTP/1.1" 302 0
INFO 2017-06-14 13:36:10,009 "GET /admin/en/product/add/ HTTP/1.1" 200 5926
INFO 2017-06-14 13:36:10,029 "GET /admin/jsi18n/ HTTP/1.1" 200 3217
INFO 2017-06-14 13:36:10,108 "GET /static/admin/img/icon-yes.svg HTTP/1.1" 304 0
INFO 2017-06-14 13:36:10,138 "GET /ueditor/controller/?imagePathFormat=banner&filePathFormat=files&action=config&&noCache=1497418570122 HTTP/1.1" 200 2171
INFO 2017-06-14 13:36:39,065 "POST /admin/en/product/add/ HTTP/1.1" 302 0
INFO 2017-06-14 13:36:39,118 "GET /admin/en/product/add/ HTTP/1.1" 200 5922
INFO 2017-06-14 13:36:39,141 "GET /admin/jsi18n/ HTTP/1.1" 200 3217
INFO 2017-06-14 13:36:39,232 "GET /ueditor/controller/?imagePathFormat=banner&filePathFormat=files&action=config&&noCache=1497418599211 HTTP/1.1" 200 2171
INFO 2017-06-14 13:37:01,986 "POST /admin/en/product/add/ HTTP/1.1" 302 0
INFO 2017-06-14 13:37:02,039 "GET /admin/en/product/ HTTP/1.1" 200 5413
INFO 2017-06-14 13:37:02,056 "GET /admin/jsi18n/ HTTP/1.1" 200 3217
INFO 2017-06-14 13:37:17,105 "GET / HTTP/1.1" 200 14456
INFO 2017-06-14 13:37:17,141 "GET /upload/banner/banner1_CoX5twn.jpg HTTP/1.1" 304 0
INFO 2017-06-14 13:37:17,150 "GET /upload/banner/banner2_Cve3Pwe.jpg HTTP/1.1" 304 0
INFO 2017-06-14 13:37:17,157 "GET /upload/banner/banner3_W95QgVU.jpg HTTP/1.1" 304 0
INFO 2017-06-14 13:37:17,279 "GET /upload/banner/c2.jpg HTTP/1.1" 304 0
INFO 2017-06-14 13:37:17,282 "GET /upload/product/pic9.jpg HTTP/1.1" 200 368395
WARNING 2017-06-14 13:37:17,283 "GET /static/css/images/load.gif HTTP/1.1" 404 1670
INFO 2017-06-14 13:37:17,303 "GET /upload/product/pic5.jpg HTTP/1.1" 200 281975
INFO 2017-06-14 13:37:17,424 "GET /upload/product/pic7.jpg HTTP/1.1" 200 497624
INFO 2017-06-14 13:39:15,763 "GET /admin/en/ HTTP/1.1" 200 6475
INFO 2017-06-14 13:39:15,776 "GET /static/admin/css/base.css HTTP/1.1" 304 0
INFO 2017-06-14 13:39:15,776 "GET /static/admin/css/dashboard.css HTTP/1.1" 304 0
INFO 2017-06-14 13:39:15,779 "GET /static/admin/css/fonts.css HTTP/1.1" 304 0
INFO 2017-06-14 13:39:15,798 "GET /static/admin/fonts/Roboto-Light-webfont.woff HTTP/1.1" 304 0
INFO 2017-06-14 13:39:15,799 "GET /static/admin/fonts/Roboto-Bold-webfont.woff HTTP/1.1" 304 0
INFO 2017-06-14 13:39:15,802 "GET /static/admin/fonts/Roboto-Regular-webfont.woff HTTP/1.1" 304 0
INFO 2017-06-14 13:39:15,802 "GET /static/admin/img/icon-addlink.svg HTTP/1.1" 304 0
INFO 2017-06-14 13:39:15,805 "GET /static/admin/img/icon-changelink.svg HTTP/1.1" 304 0
INFO 2017-06-14 13:39:18,819 "GET /admin/en/index_adv/ HTTP/1.1" 200 3077
INFO 2017-06-14 13:39:18,839 "GET /static/admin/js/core.js HTTP/1.1" 304 0
INFO 2017-06-14 13:39:18,839 "GET /static/admin/css/changelists.css HTTP/1.1" 304 0
INFO 2017-06-14 13:39:18,844 "GET /static/admin/js/vendor/jquery/jquery.js HTTP/1.1" 304 0
INFO 2017-06-14 13:39:18,845 "GET /static/admin/js/jquery.init.js HTTP/1.1" 304 0
INFO 2017-06-14 13:39:18,849 "GET /static/admin/js/admin/RelatedObjectLookups.js HTTP/1.1" 304 0
INFO 2017-06-14 13:39:18,857 "GET /static/admin/js/actions.js HTTP/1.1" 304 0
INFO 2017-06-14 13:39:18,857 "GET /static/admin/js/urlify.js HTTP/1.1" 304 0
INFO 2017-06-14 13:39:18,858 "GET /static/admin/js/prepopulate.js HTTP/1.1" 304 0
INFO 2017-06-14 13:39:18,859 "GET /static/admin/js/vendor/xregexp/xregexp.js HTTP/1.1" 304 0
INFO 2017-06-14 13:39:18,868 "GET /admin/jsi18n/ HTTP/1.1" 200 3217
INFO 2017-06-14 13:39:18,904 "GET /static/admin/img/tooltag-add.svg HTTP/1.1" 304 0
INFO 2017-06-14 13:39:20,525 "GET /admin/en/index_adv/add/ HTTP/1.1" 200 4358
INFO 2017-06-14 13:39:20,546 "GET /static/admin/css/forms.css HTTP/1.1" 304 0
INFO 2017-06-14 13:39:20,546 "GET /static/admin/js/change_form.js HTTP/1.1" 304 0
INFO 2017-06-14 13:39:20,552 "GET /static/admin/js/prepopulate_init.js HTTP/1.1" 304 0
INFO 2017-06-14 13:39:20,555 "GET /static/admin/css/widgets.css HTTP/1.1" 304 0
INFO 2017-06-14 13:39:20,562 "GET /admin/jsi18n/ HTTP/1.1" 200 3217
INFO 2017-06-14 13:39:32,812 "POST /admin/en/index_adv/add/ HTTP/1.1" 302 0
INFO 2017-06-14 13:39:32,857 "GET /admin/en/index_adv/ HTTP/1.1" 200 4806
INFO 2017-06-14 13:39:32,875 "GET /admin/jsi18n/ HTTP/1.1" 200 3217
INFO 2017-06-14 13:39:32,911 "GET /static/admin/img/icon-yes.svg HTTP/1.1" 304 0
INFO 2017-06-14 13:39:34,184 "GET /admin/en/ HTTP/1.1" 200 6475
INFO 2017-06-14 13:39:35,816 "GET /admin/en/case/ HTTP/1.1" 200 3052
INFO 2017-06-14 13:39:35,841 "GET /admin/jsi18n/ HTTP/1.1" 200 3217
INFO 2017-06-14 13:39:37,240 "GET /admin/en/case/add/ HTTP/1.1" 200 4251
INFO 2017-06-14 13:39:37,265 "GET /admin/jsi18n/ HTTP/1.1" 200 3217
INFO 2017-06-14 13:39:44,631 "GET /admin/en/ HTTP/1.1" 200 6475
INFO 2017-06-14 13:39:49,607 "GET /admin/en/advantage/ HTTP/1.1" 200 3017
INFO 2017-06-14 13:39:49,634 "GET /admin/jsi18n/ HTTP/1.1" 200 3217
INFO 2017-06-14 13:39:53,641 "GET / HTTP/1.1" 200 14828
INFO 2017-06-14 13:39:53,680 "GET /upload/banner/banner1_CoX5twn.jpg HTTP/1.1" 304 0
INFO 2017-06-14 13:39:53,688 "GET /upload/banner/banner2_Cve3Pwe.jpg HTTP/1.1" 304 0
INFO 2017-06-14 13:39:53,698 "GET /upload/banner/banner3_W95QgVU.jpg HTTP/1.1" 304 0
INFO 2017-06-14 13:39:53,707 "GET /upload/banner/c2.jpg HTTP/1.1" 304 0
INFO 2017-06-14 13:39:53,734 "GET /upload/product/pic9.jpg HTTP/1.1" 304 0
INFO 2017-06-14 13:39:53,749 "GET /upload/product/pic5.jpg HTTP/1.1" 304 0
INFO 2017-06-14 13:39:53,749 "GET /upload/product/pic7.jpg HTTP/1.1" 304 0
WARNING 2017-06-14 13:39:53,750 "GET /static/css/images/load.gif HTTP/1.1" 404 1670
INFO 2017-06-14 13:40:01,611 "GET /admin/en/ HTTP/1.1" 200 6475
INFO 2017-06-14 13:40:02,858 "GET /admin/en/index_adv/ HTTP/1.1" 200 4607
INFO 2017-06-14 13:40:02,878 "GET /admin/jsi18n/ HTTP/1.1" 200 3217
INFO 2017-06-14 13:40:04,651 "GET /admin/en/ HTTP/1.1" 200 6475
INFO 2017-06-14 13:40:06,299 "GET /admin/en/advantage/ HTTP/1.1" 200 3017
INFO 2017-06-14 13:40:06,332 "GET /admin/jsi18n/ HTTP/1.1" 200 3217
INFO 2017-06-14 13:40:07,421 "GET /admin/en/advantage/add/ HTTP/1.1" 200 4734
INFO 2017-06-14 13:40:07,453 "GET /admin/jsi18n/ HTTP/1.1" 200 3217
INFO 2017-06-14 13:40:30,415 "POST /admin/en/advantage/add/ HTTP/1.1" 302 0
INFO 2017-06-14 13:40:30,480 "GET /admin/en/advantage/add/ HTTP/1.1" 200 4949
INFO 2017-06-14 13:40:30,500 "GET /admin/jsi18n/ HTTP/1.1" 200 3217
INFO 2017-06-14 13:40:43,674 "POST /admin/en/advantage/add/ HTTP/1.1" 302 0
INFO 2017-06-14 13:40:43,730 "GET /admin/en/advantage/ HTTP/1.1" 200 5520
INFO 2017-06-14 13:40:43,752 "GET /admin/jsi18n/ HTTP/1.1" 200 3217
INFO 2017-06-14 13:40:45,694 "GET /admin/en/advantage/add/ HTTP/1.1" 200 4734
INFO 2017-06-14 13:40:45,713 "GET /admin/jsi18n/ HTTP/1.1" 200 3217
INFO 2017-06-14 13:40:58,259 "POST /admin/en/advantage/add/ HTTP/1.1" 302 0
INFO 2017-06-14 13:40:58,302 "GET /admin/en/advantage/add/ HTTP/1.1" 200 4952
INFO 2017-06-14 13:40:58,325 "GET /admin/jsi18n/ HTTP/1.1" 200 3217
INFO 2017-06-14 13:41:09,769 "POST /admin/en/advantage/add/ HTTP/1.1" 302 0
INFO 2017-06-14 13:41:09,821 "GET /admin/en/advantage/ HTTP/1.1" 200 6409
INFO 2017-06-14 13:41:09,841 "GET /admin/jsi18n/ HTTP/1.1" 200 3217
INFO 2017-06-14 13:41:12,404 "GET / HTTP/1.1" 200 16777
INFO 2017-06-14 13:41:12,427 "GET /upload/product/pic9.jpg HTTP/1.1" 304 0
INFO 2017-06-14 13:41:12,437 "GET /upload/product/pic7.jpg HTTP/1.1" 304 0
INFO 2017-06-14 13:41:12,446 "GET /upload/product/pic5.jpg HTTP/1.1" 304 0
INFO 2017-06-14 13:41:12,453 "GET /upload/advantage/4_olNFqxN.jpg HTTP/1.1" 200 5074
INFO 2017-06-14 13:41:12,461 "GET /upload/advantage/3.png HTTP/1.1" 200 21655
INFO 2017-06-14 13:41:12,473 "GET /upload/advantage/4_EVluPk5.jpg HTTP/1.1" 200 5074
INFO 2017-06-14 13:41:12,490 "GET /static/images/3.jpg HTTP/1.1" 200 3457
INFO 2017-06-14 13:41:12,503 "GET /upload/advantage/4_rbKoUPx.jpg HTTP/1.1" 200 5074
WARNING 2017-06-14 13:41:12,499 "GET /static/css/images/load.gif HTTP/1.1" 404 1670
INFO 2017-06-14 13:41:12,536 "GET /static/fonts/glyphicons-halflings-regular.woff2 HTTP/1.1" 200 18028
INFO 2017-06-14 13:41:19,023 "GET /admin/en/ HTTP/1.1" 200 6475
INFO 2017-06-14 13:41:19,043 "GET /static/admin/css/base.css HTTP/1.1" 304 0
INFO 2017-06-14 13:41:19,046 "GET /static/admin/css/dashboard.css HTTP/1.1" 304 0
INFO 2017-06-14 13:41:19,052 "GET /static/admin/css/fonts.css HTTP/1.1" 304 0
INFO 2017-06-14 13:41:19,071 "GET /static/admin/fonts/Roboto-Light-webfont.woff HTTP/1.1" 304 0
INFO 2017-06-14 13:41:19,071 "GET /static/admin/fonts/Roboto-Bold-webfont.woff HTTP/1.1" 304 0
INFO 2017-06-14 13:41:19,071 "GET /static/admin/fonts/Roboto-Regular-webfont.woff HTTP/1.1" 304 0
INFO 2017-06-14 13:41:19,073 "GET /static/admin/img/icon-addlink.svg HTTP/1.1" 304 0
INFO 2017-06-14 13:41:19,078 "GET /static/admin/img/icon-changelink.svg HTTP/1.1" 304 0
INFO 2017-06-14 13:41:20,905 "GET /admin/en/case/ HTTP/1.1" 200 3052
INFO 2017-06-14 13:41:20,923 "GET /static/admin/css/changelists.css HTTP/1.1" 304 0
INFO 2017-06-14 13:41:20,926 "GET /static/admin/js/core.js HTTP/1.1" 304 0
INFO 2017-06-14 13:41:20,928 "GET /static/admin/js/vendor/jquery/jquery.js HTTP/1.1" 304 0
INFO 2017-06-14 13:41:20,934 "GET /static/admin/js/jquery.init.js HTTP/1.1" 304 0
INFO 2017-06-14 13:41:20,937 "GET /static/admin/js/admin/RelatedObjectLookups.js HTTP/1.1" 304 0
INFO 2017-06-14 13:41:20,938 "GET /static/admin/js/actions.js HTTP/1.1" 304 0
INFO 2017-06-14 13:41:20,940 "GET /static/admin/js/urlify.js HTTP/1.1" 304 0
INFO 2017-06-14 13:41:20,941 "GET /static/admin/js/prepopulate.js HTTP/1.1" 304 0
INFO 2017-06-14 13:41:20,943 "GET /static/admin/js/vendor/xregexp/xregexp.js HTTP/1.1" 304 0
INFO 2017-06-14 13:41:20,948 "GET /admin/jsi18n/ HTTP/1.1" 200 3217
INFO 2017-06-14 13:41:20,983 "GET /static/admin/img/tooltag-add.svg HTTP/1.1" 304 0
INFO 2017-06-14 13:41:26,259 "GET /admin/en/case/add/ HTTP/1.1" 200 4251
INFO 2017-06-14 13:41:26,275 "GET /static/admin/css/forms.css HTTP/1.1" 304 0
INFO 2017-06-14 13:41:26,276 "GET /static/admin/js/change_form.js HTTP/1.1" 304 0
INFO 2017-06-14 13:41:26,279 "GET /static/admin/js/prepopulate_init.js HTTP/1.1" 304 0
INFO 2017-06-14 13:41:26,283 "GET /static/admin/css/widgets.css HTTP/1.1" 304 0
INFO 2017-06-14 13:41:26,289 "GET /admin/jsi18n/ HTTP/1.1" 200 3217
INFO 2017-06-14 13:42:28,908 "POST /admin/en/case/add/ HTTP/1.1" 302 0
INFO 2017-06-14 13:42:28,956 "GET /admin/en/case/add/ HTTP/1.1" 200 4479
INFO 2017-06-14 13:42:28,980 "GET /admin/jsi18n/ HTTP/1.1" 200 3217
INFO 2017-06-14 13:42:29,019 "GET /static/admin/img/icon-yes.svg HTTP/1.1" 304 0
INFO 2017-06-14 13:42:38,801 "POST /admin/en/case/add/ HTTP/1.1" 302 0
INFO 2017-06-14 13:42:38,846 "GET /admin/en/case/add/ HTTP/1.1" 200 4479
INFO 2017-06-14 13:42:38,868 "GET /admin/jsi18n/ HTTP/1.1" 200 3217
INFO 2017-06-14 13:42:44,242 "POST /admin/en/case/add/ HTTP/1.1" 302 0
INFO 2017-06-14 13:42:44,279 "GET /admin/en/case/add/ HTTP/1.1" 200 4479
INFO 2017-06-14 13:42:44,301 "GET /admin/jsi18n/ HTTP/1.1" 200 3217
INFO 2017-06-14 13:42:48,566 "POST /admin/en/case/add/ HTTP/1.1" 302 0
INFO 2017-06-14 13:42:48,608 "GET /admin/en/case/add/ HTTP/1.1" 200 4479
INFO 2017-06-14 13:42:48,628 "GET /admin/jsi18n/ HTTP/1.1" 200 3217
INFO 2017-06-14 13:42:50,747 "GET / HTTP/1.1" 200 17592
INFO 2017-06-14 13:42:50,788 "GET /upload/banner/banner1_CoX5twn.jpg HTTP/1.1" 304 0
INFO 2017-06-14 13:42:50,796 "GET /upload/banner/banner2_Cve3Pwe.jpg HTTP/1.1" 304 0
INFO 2017-06-14 13:42:50,806 "GET /upload/banner/banner3_W95QgVU.jpg HTTP/1.1" 304 0
INFO 2017-06-14 13:42:50,815 "GET /upload/banner/c2.jpg HTTP/1.1" 304 0
INFO 2017-06-14 13:42:50,823 "GET /upload/product/pic9.jpg HTTP/1.1" 304 0
INFO 2017-06-14 13:42:50,907 "GET /upload/advantage/4_olNFqxN.jpg HTTP/1.1" 304 0
INFO 2017-06-14 13:42:50,914 "GET /upload/product/pic5.jpg HTTP/1.1" 304 0
INFO 2017-06-14 13:42:50,914 "GET /upload/product/pic7.jpg HTTP/1.1" 304 0
INFO 2017-06-14 13:42:50,914 "GET /upload/advantage/4_EVluPk5.jpg HTTP/1.1" 304 0
INFO 2017-06-14 13:42:50,921 "GET /upload/advantage/3.png HTTP/1.1" 304 0
INFO 2017-06-14 13:42:50,923 "GET /upload/advantage/4_rbKoUPx.jpg HTTP/1.1" 304 0
WARNING 2017-06-14 13:42:51,082 "GET /static/css/images/load.gif HTTP/1.1" 404 1670
INFO 2017-06-14 13:42:51,098 "GET /upload/cases/after_02_ywcGtYX.jpg HTTP/1.1" 200 16688
INFO 2017-06-14 13:42:51,107 "GET /upload/cases/after_12.jpg HTTP/1.1" 200 12137
INFO 2017-06-14 13:42:51,108 "GET /upload/cases/after_10_1CD1vLF.jpg HTTP/1.1" 200 16729
INFO 2017-06-14 13:42:51,108 "GET /upload/cases/after_08_sbi6Hyv.jpg HTTP/1.1" 200 13387
INFO 2017-06-14 13:43:03,209 "POST /admin/en/case/add/ HTTP/1.1" 302 0
INFO 2017-06-14 13:43:03,252 "GET /admin/en/case/add/ HTTP/1.1" 200 4479
INFO 2017-06-14 13:43:03,273 "GET /admin/jsi18n/ HTTP/1.1" 200 3217
INFO 2017-06-14 13:43:06,362 "GET / HTTP/1.1" 200 17791
INFO 2017-06-14 13:43:06,404 "GET /upload/advantage/4_olNFqxN.jpg HTTP/1.1" 304 0
INFO 2017-06-14 13:43:06,413 "GET /upload/advantage/3.png HTTP/1.1" 304 0
INFO 2017-06-14 13:43:06,426 "GET /upload/advantage/4_EVluPk5.jpg HTTP/1.1" 304 0
INFO 2017-06-14 13:43:06,436 "GET /upload/advantage/4_rbKoUPx.jpg HTTP/1.1" 304 0
INFO 2017-06-14 13:43:06,444 "GET /upload/cases/after_02_ywcGtYX.jpg HTTP/1.1" 304 0
WARNING 2017-06-14 13:43:06,512 "GET /static/css/images/load.gif HTTP/1.1" 404 1670
INFO 2017-06-14 13:43:06,519 "GET /upload/cases/after_08_sbi6Hyv.jpg HTTP/1.1" 304 0
INFO 2017-06-14 13:43:06,520 "GET /upload/cases/after_10_1CD1vLF.jpg HTTP/1.1" 304 0
INFO 2017-06-14 13:43:06,523 "GET /upload/cases/after_12.jpg HTTP/1.1" 304 0
INFO 2017-06-14 13:43:06,523 "GET /upload/cases/before_08.jpg HTTP/1.1" 200 14095
INFO 2017-06-14 13:43:17,385 "GET /product/Reyongel/ HTTP/1.1" 200 9146
INFO 2017-06-14 13:43:18,990 "GET /product/Fine/ HTTP/1.1" 200 8639
INFO 2017-06-14 13:43:20,177 "GET /product/Derm/ HTTP/1.1" 200 8625
INFO 2017-06-14 13:43:21,436 "GET /about_us HTTP/1.1" 301 0
INFO 2017-06-14 13:43:21,473 "GET /about_us/ HTTP/1.1" 200 16320
INFO 2017-06-14 13:43:21,496 "GET /static/css/lightbox.css HTTP/1.1" 200 4192
INFO 2017-06-14 13:43:21,503 "GET /static/js/lightbox-2.6.min.js HTTP/1.1" 200 7389
WARNING 2017-06-14 13:43:21,519 "GET /about_us/j/static/s/jquery.carouFredSel-6.2.0-packed.js HTTP/1.1" 404 3397
INFO 2017-06-14 13:43:21,602 "GET /static/images/qianxleft.png HTTP/1.1" 200 2179
INFO 2017-06-14 13:43:21,607 "GET /static/images/qianxr.png HTTP/1.1" 200 2164
WARNING 2017-06-14 13:43:21,624 "GET /static/images/dy_pic11.jpg HTTP/1.1" 404 1670
WARNING 2017-06-14 13:43:21,627 "GET /static/img/close.png HTTP/1.1" 404 1652
WARNING 2017-06-14 13:43:21,634 "GET /static/img/loading.gif HTTP/1.1" 404 1658
WARNING 2017-06-14 13:43:21,653 "GET /static/img/prev.png HTTP/1.1" 404 1649
INFO 2017-06-14 13:43:21,667 "GET /static/images/development_timeline.png HTTP/1.1" 200 1073
INFO 2017-06-14 13:43:21,667 "GET /static/images/social.png HTTP/1.1" 200 3936
WARNING 2017-06-14 13:43:21,673 "GET /static/img/next.png HTTP/1.1" 404 1649
INFO 2017-06-14 13:43:21,736 "GET /static/images/news_date01.jpg HTTP/1.1" 200 3822755
INFO 2017-06-14 13:43:31,450 "GET /admin/en/ HTTP/1.1" 200 6475
INFO 2017-06-14 13:43:48,739 "GET /admin/en/exhi/ HTTP/1.1" 200 3184
INFO 2017-06-14 13:43:48,756 "GET /static/admin/css/changelists.css HTTP/1.1" 304 0
INFO 2017-06-14 13:43:48,756 "GET /static/admin/css/base.css HTTP/1.1" 304 0
INFO 2017-06-14 13:43:48,759 "GET /static/admin/js/core.js HTTP/1.1" 304 0
INFO 2017-06-14 13:43:48,763 "GET /static/admin/js/vendor/jquery/jquery.js HTTP/1.1" 304 0
INFO 2017-06-14 13:43:48,765 "GET /static/admin/css/forms-nested.css HTTP/1.1" 200 6011
INFO 2017-06-14 13:43:48,773 "GET /static/admin/js/jquery.init.js HTTP/1.1" 304 0
INFO 2017-06-14 13:43:48,776 "GET /static/admin/js/admin/RelatedObjectLookups.js HTTP/1.1" 304 0
INFO 2017-06-14 13:43:48,780 "GET /static/admin/js/actions.js HTTP/1.1" 304 0
INFO 2017-06-14 13:43:48,785 "GET /static/admin/css/fonts.css HTTP/1.1" 304 0
INFO 2017-06-14 13:43:48,786 "GET /static/admin/js/urlify.js HTTP/1.1" 304 0
INFO 2017-06-14 13:43:48,789 "GET /static/admin/js/prepopulate.js HTTP/1.1" 304 0
INFO 2017-06-14 13:43:48,789 "GET /static/admin/js/vendor/xregexp/xregexp.js HTTP/1.1" 304 0
INFO 2017-06-14 13:43:48,792 "GET /static/admin/js/inlines-nested.js HTTP/1.1" 200 22678
INFO 2017-06-14 13:43:48,796 "GET /admin/jsi18n/ HTTP/1.1" 200 3217
INFO 2017-06-14 13:43:48,801 "GET /static/admin/css/widgets.css HTTP/1.1" 304 0
INFO 2017-06-14 13:43:48,842 "GET /static/admin/fonts/Roboto-Light-webfont.woff HTTP/1.1" 304 0
INFO 2017-06-14 13:43:48,842 "GET /static/admin/fonts/Roboto-Bold-webfont.woff HTTP/1.1" 304 0
INFO 2017-06-14 13:43:48,846 "GET /static/admin/fonts/Roboto-Regular-webfont.woff HTTP/1.1" 304 0
INFO 2017-06-14 13:43:48,848 "GET /static/admin/img/tooltag-add.svg HTTP/1.1" 304 0
INFO 2017-06-14 13:43:50,493 "GET /admin/en/exhi/add/ HTTP/1.1" 200 11570
INFO 2017-06-14 13:43:50,510 "GET /static/admin/css/forms.css HTTP/1.1" 304 0
INFO 2017-06-14 13:43:50,515 "GET /static/admin/js/change_form.js HTTP/1.1" 304 0
INFO 2017-06-14 13:43:50,516 "GET /static/admin/js/prepopulate_init.js HTTP/1.1" 304 0
WARNING 2017-06-14 13:43:50,520 "GET /static/admin/js/jquery.js HTTP/1.1" 404 1667
INFO 2017-06-14 13:43:50,526 "GET /admin/jsi18n/ HTTP/1.1" 200 3217
WARNING 2017-06-14 13:43:50,545 "GET /static/admin/js/jquery.js HTTP/1.1" 404 1667
WARNING 2017-06-14 13:43:50,622 "GET /static/admin/img/nav-bg.gif HTTP/1.1" 404 1673
WARNING 2017-06-14 13:43:50,622 "GET /static/admin/img/icon_addlink.gif HTTP/1.1" 404 1691
INFO 2017-06-14 13:47:48,306 "GET /static/admin/img/inline-delete.svg HTTP/1.1" 200 560
INFO 2017-06-14 13:47:52,220 "POST /admin/en/exhi/add/ HTTP/1.1" 302 0
INFO 2017-06-14 13:47:52,312 "GET /admin/en/exhi/add/ HTTP/1.1" 200 11783
INFO 2017-06-14 13:47:52,334 "GET /static/admin/css/base.css HTTP/1.1" 304 0
INFO 2017-06-14 13:47:52,334 "GET /static/admin/js/core.js HTTP/1.1" 304 0
INFO 2017-06-14 13:47:52,334 "GET /static/admin/css/forms.css HTTP/1.1" 304 0
INFO 2017-06-14 13:47:52,335 "GET /static/admin/js/vendor/jquery/jquery.js HTTP/1.1" 304 0
INFO 2017-06-14 13:47:52,335 "GET /static/admin/js/jquery.init.js HTTP/1.1" 304 0
INFO 2017-06-14 13:47:52,349 "GET /static/admin/js/admin/RelatedObjectLookups.js HTTP/1.1" 304 0
INFO 2017-06-14 13:47:52,351 "GET /static/admin/js/actions.js HTTP/1.1" 304 0
INFO 2017-06-14 13:47:52,352 "GET /static/admin/js/urlify.js HTTP/1.1" 304 0
INFO 2017-06-14 13:47:52,355 "GET /static/admin/js/prepopulate.js HTTP/1.1" 304 0
INFO 2017-06-14 13:47:52,358 "GET /static/admin/js/vendor/xregexp/xregexp.js HTTP/1.1" 304 0
INFO 2017-06-14 13:47:52,362 "GET /static/admin/css/fonts.css HTTP/1.1" 304 0
INFO 2017-06-14 13:47:52,365 "GET /static/admin/css/widgets.css HTTP/1.1" 304 0
INFO 2017-06-14 13:47:52,368 "GET /static/admin/js/change_form.js HTTP/1.1" 304 0
INFO 2017-06-14 13:47:52,369 "GET /static/admin/js/prepopulate_init.js HTTP/1.1" 304 0
WARNING 2017-06-14 13:47:52,374 "GET /static/admin/js/jquery.js HTTP/1.1" 404 1667
INFO 2017-06-14 13:47:52,375 "GET /admin/jsi18n/ HTTP/1.1" 200 3217
WARNING 2017-06-14 13:47:52,411 "GET /static/admin/js/jquery.js HTTP/1.1" 404 1667
INFO 2017-06-14 13:47:52,444 "GET /static/admin/fonts/Roboto-Light-webfont.woff HTTP/1.1" 304 0
INFO 2017-06-14 13:47:52,444 "GET /static/admin/fonts/Roboto-Regular-webfont.woff HTTP/1.1" 304 0
INFO 2017-06-14 13:47:52,447 "GET /static/admin/fonts/Roboto-Bold-webfont.woff HTTP/1.1" 304 0
INFO 2017-06-14 13:47:52,448 "GET /static/admin/img/icon-yes.svg HTTP/1.1" 304 0
WARNING 2017-06-14 13:47:52,456 "GET /static/admin/img/nav-bg.gif HTTP/1.1" 404 1673
WARNING 2017-06-14 13:47:52,456 "GET /static/admin/img/icon_addlink.gif HTTP/1.1" 404 1691
INFO 2017-06-14 13:48:15,236 "POST /admin/en/exhi/add/ HTTP/1.1" 302 0
INFO 2017-06-14 13:48:15,349 "GET /admin/en/exhi/ HTTP/1.1" 200 5387
INFO 2017-06-14 13:48:15,361 "GET /static/admin/css/changelists.css HTTP/1.1" 304 0
INFO 2017-06-14 13:48:15,369 "GET /admin/jsi18n/ HTTP/1.1" 200 3217
INFO 2017-06-14 13:48:15,392 "GET /static/admin/img/tooltag-add.svg HTTP/1.1" 304 0
INFO 2017-06-14 13:48:15,394 "GET /static/admin/img/sorting-icons.svg HTTP/1.1" 200 1097
INFO 2017-06-14 13:48:17,494 "GET /about_us/ HTTP/1.1" 200 16886
WARNING 2017-06-14 13:48:17,543 "GET /about_us/j/static/s/jquery.carouFredSel-6.2.0-packed.js HTTP/1.1" 404 3397
INFO 2017-06-14 13:48:17,543 "GET /upload/exhi/1_BUszUE4.jpg HTTP/1.1" 200 168521
INFO 2017-06-14 13:48:17,562 "GET /upload/exhi/8_BD6hcGJ.jpg HTTP/1.1" 200 175972
WARNING 2017-06-14 13:48:17,578 "GET /static/img/close.png HTTP/1.1" 404 1652
WARNING 2017-06-14 13:48:17,641 "GET /static/img/loading.gif HTTP/1.1" 404 1658
WARNING 2017-06-14 13:48:17,642 "GET /static/img/prev.png HTTP/1.1" 404 1649
WARNING 2017-06-14 13:48:17,644 "GET /static/img/next.png HTTP/1.1" 404 1649
WARNING 2017-06-14 13:48:17,644 "GET /static/images/dy_pic11.jpg HTTP/1.1" 404 1670
WARNING 2017-06-14 13:48:17,645 "GET /static/img/close.png HTTP/1.1" 404 1652
INFO 2017-06-14 13:48:23,322 "GET /admin/en/exhi/1/change/ HTTP/1.1" 200 16953
WARNING 2017-06-14 13:48:23,342 "GET /static/admin/js/jquery.js HTTP/1.1" 404 1667
INFO 2017-06-14 13:48:23,348 "GET /admin/jsi18n/ HTTP/1.1" 200 3217
WARNING 2017-06-14 13:48:23,368 "GET /static/admin/js/jquery.js HTTP/1.1" 404 1667
WARNING 2017-06-14 13:48:23,375 "GET /static/admin/img/nav-bg.gif HTTP/1.1" 404 1673
WARNING 2017-06-14 13:48:23,394 "GET /static/admin/img/icon_addlink.gif HTTP/1.1" 404 1691
INFO 2017-06-14 13:49:56,611 "GET /admin/en/ HTTP/1.1" 200 6475
INFO 2017-06-14 13:49:56,624 "GET /static/admin/css/dashboard.css HTTP/1.1" 304 0
INFO 2017-06-14 13:49:56,631 "GET /static/admin/img/icon-changelink.svg HTTP/1.1" 304 0
INFO 2017-06-14 13:49:56,631 "GET /static/admin/img/icon-addlink.svg HTTP/1.1" 304 0
INFO 2017-06-14 13:49:58,313 "GET /admin/en/news/ HTTP/1.1" 200 3007
INFO 2017-06-14 13:49:58,334 "GET /admin/jsi18n/ HTTP/1.1" 200 3217
INFO 2017-06-14 13:49:59,776 "GET /admin/en/news/add/ HTTP/1.1" 200 4712
INFO 2017-06-14 13:49:59,805 "GET /admin/jsi18n/ HTTP/1.1" 200 3217
INFO 2017-06-14 13:49:59,858 "GET /ueditor/controller/?imagePathFormat=news&filePathFormat=files&action=config&&noCache=1497419399844 HTTP/1.1" 200 2171
INFO 2017-06-14 13:49:59,903 "GET /static/ueditor/themes/default/images/charts.png HTTP/1.1" 200 518
INFO 2017-06-14 13:51:26,263 "GET /admin/en/news/ HTTP/1.1" 200 3007
INFO 2017-06-14 13:51:26,286 "GET /static/admin/css/changelists.css HTTP/1.1" 304 0
INFO 2017-06-14 13:51:26,288 "GET /static/admin/css/base.css HTTP/1.1" 304 0
INFO 2017-06-14 13:51:26,292 "GET /static/admin/js/core.js HTTP/1.1" 304 0
INFO 2017-06-14 13:51:26,296 "GET /static/admin/js/vendor/jquery/jquery.js HTTP/1.1" 304 0
INFO 2017-06-14 13:51:26,298 "GET /static/admin/js/jquery.init.js HTTP/1.1" 304 0
INFO 2017-06-14 13:51:26,305 "GET /static/admin/js/admin/RelatedObjectLookups.js HTTP/1.1" 304 0
INFO 2017-06-14 13:51:26,308 "GET /static/admin/js/actions.js HTTP/1.1" 304 0
INFO 2017-06-14 13:51:26,311 "GET /static/admin/css/fonts.css HTTP/1.1" 304 0
INFO 2017-06-14 13:51:26,312 "GET /static/admin/js/urlify.js HTTP/1.1" 304 0
INFO 2017-06-14 13:51:26,312 "GET /static/admin/js/prepopulate.js HTTP/1.1" 304 0
INFO 2017-06-14 13:51:26,315 "GET /static/admin/js/vendor/xregexp/xregexp.js HTTP/1.1" 304 0
INFO 2017-06-14 13:51:26,321 "GET /admin/jsi18n/ HTTP/1.1" 200 3217
INFO 2017-06-14 13:51:26,361 "GET /static/admin/fonts/Roboto-Light-webfont.woff HTTP/1.1" 304 0
INFO 2017-06-14 13:51:26,361 "GET /static/admin/fonts/Roboto-Bold-webfont.woff HTTP/1.1" 304 0
INFO 2017-06-14 13:51:26,361 "GET /static/admin/fonts/Roboto-Regular-webfont.woff HTTP/1.1" 304 0
INFO 2017-06-14 13:51:26,362 "GET /static/admin/img/tooltag-add.svg HTTP/1.1" 304 0
INFO 2017-06-14 13:51:27,130 "GET /admin/en/ HTTP/1.1" 200 6475
INFO 2017-06-14 13:51:37,242 "GET /admin/en/news/ HTTP/1.1" 200 3007
INFO 2017-06-14 13:51:37,263 "GET /admin/jsi18n/ HTTP/1.1" 200 3217
INFO 2017-06-14 13:51:38,638 "GET /admin/en/news/add/ HTTP/1.1" 200 4712
INFO 2017-06-14 13:51:38,657 "GET /static/admin/css/forms.css HTTP/1.1" 304 0
INFO 2017-06-14 13:51:38,660 "GET /static/admin/js/change_form.js HTTP/1.1" 304 0
INFO 2017-06-14 13:51:38,663 "GET /static/admin/js/prepopulate_init.js HTTP/1.1" 304 0
INFO 2017-06-14 13:51:38,665 "GET /static/admin/css/widgets.css HTTP/1.1" 304 0
INFO 2017-06-14 13:51:38,674 "GET /admin/jsi18n/ HTTP/1.1" 200 3217
INFO 2017-06-14 13:51:38,746 "GET /ueditor/controller/?imagePathFormat=news&filePathFormat=files&action=config&&noCache=1497419498713 HTTP/1.1" 200 2171
INFO 2017-06-14 13:53:31,174 "GET /admin HTTP/1.1" 301 0
INFO 2017-06-14 13:53:31,227 "GET /admin/ HTTP/1.1" 200 10612
INFO 2017-06-14 13:53:31,236 "GET /static/admin/css/dashboard.css HTTP/1.1" 304 0
INFO 2017-06-14 13:53:31,285 "GET /static/admin/img/icon-addlink.svg HTTP/1.1" 304 0
INFO 2017-06-14 13:53:31,286 "GET /static/admin/img/icon-changelink.svg HTTP/1.1" 304 0
INFO 2017-06-14 13:53:33,118 "GET /admin/en/news/ HTTP/1.1" 200 3007
INFO 2017-06-14 13:53:33,144 "GET /admin/jsi18n/ HTTP/1.1" 200 3217
INFO 2017-06-14 13:53:34,599 "GET /admin/en/news/add/ HTTP/1.1" 200 4712
INFO 2017-06-14 13:53:34,628 "GET /admin/jsi18n/ HTTP/1.1" 200 3217
INFO 2017-06-14 13:53:34,680 "GET /ueditor/controller/?imagePathFormat=news&filePathFormat=files&action=config&&noCache=1497419614667 HTTP/1.1" 200 2171
INFO 2017-06-14 13:53:39,230 "GET /static/ueditor/themes/default/images/dialog-title-bg.png HTTP/1.1" 200 938
INFO 2017-06-14 13:53:39,232 "GET /static/ueditor/dialogs/image/image.html HTTP/1.1" 200 5608
INFO 2017-06-14 13:53:39,233 "GET /static/ueditor/themes/default/images/icons-all.gif HTTP/1.1" 200 3750
INFO 2017-06-14 13:53:39,275 "GET /static/ueditor/dialogs/internal.js HTTP/1.1" 200 2682
INFO 2017-06-14 13:53:39,278 "GET /static/ueditor/third-party/webuploader/webuploader.css HTTP/1.1" 200 515
INFO 2017-06-14 13:53:39,279 "GET /static/ueditor/dialogs/image/image.css HTTP/1.1" 200 19026
INFO 2017-06-14 13:53:39,286 "GET /static/ueditor/themes/default/dialogbase.css?cache=0.07188977612734582 HTTP/1.1" 200 1685
INFO 2017-06-14 13:53:39,292 "GET /static/ueditor/third-party/webuploader/webuploader.min.js HTTP/1.1" 200 58276
INFO 2017-06-14 13:53:39,292 "GET /static/ueditor/third-party/jquery-1.10.2.min.js HTTP/1.1" 200 93107
INFO 2017-06-14 13:53:39,303 "GET /static/ueditor/dialogs/image/image.js HTTP/1.1" 200 128869
INFO 2017-06-14 13:53:39,341 "GET /static/ueditor/dialogs/image/images/alignicon.jpg HTTP/1.1" 200 16101
INFO 2017-06-14 13:53:39,342 "GET /static/ueditor/dialogs/image/images/image.png HTTP/1.1" 200 1672
INFO 2017-06-14 13:53:45,924 "GET /static/ueditor/themes/default/images/loading.gif HTTP/1.1" 200 734
INFO 2017-06-14 13:53:45,946 "GET /static/ueditor/themes/default/images/spacer.gif HTTP/1.1" 200 43
INFO 2017-06-14 13:53:45,987 "POST /ueditor/controller/?imagePathFormat=news&filePathFormat=files&action=uploadimage HTTP/1.1" 200 102
INFO 2017-06-14 13:53:46,052 "GET /upload/news/8.jpg HTTP/1.1" 200 175972
INFO 2017-06-14 13:55:10,823 "GET /static/ueditor/dialogs/webapp/webapp.html HTTP/1.1" 200 2385
INFO 2017-06-14 13:55:10,855 "GET /static/ueditor/themes/default/dialogbase.css?cache=0.1765604149643485 HTTP/1.1" 200 1685
INFO 2017-06-14 13:55:20,921 "GET /static/ueditor/dialogs/gmap/gmap.html HTTP/1.1" 200 4046
INFO 2017-06-14 13:55:20,947 "GET /static/ueditor/themes/default/dialogbase.css?cache=0.5513719863566113 HTTP/1.1" 200 1685
INFO 2017-06-14 13:55:27,716 "GET /static/ueditor/dialogs/map/map.html HTTP/1.1" 200 6015
INFO 2017-06-14 13:55:27,756 "GET /static/ueditor/themes/default/dialogbase.css?cache=0.43702405645341225 HTTP/1.1" 200 1685
INFO 2017-06-14 13:55:34,094 "GET /static/ueditor/dialogs/emotion/emotion.html HTTP/1.1" 200 5704
INFO 2017-06-14 13:55:34,104 "GET /static/ueditor/dialogs/emotion/emotion.css HTTP/1.1" 200 1842
INFO 2017-06-14 13:55:34,111 "GET /static/ueditor/themes/default/dialogbase.css?cache=0.6719070572296859 HTTP/1.1" 200 1685
INFO 2017-06-14 13:55:34,119 "GET /static/ueditor/dialogs/emotion/emotion.js HTTP/1.1" 200 6480
INFO 2017-06-14 13:55:34,165 "GET /static/ueditor/dialogs/emotion/images/jxface2.gif?v=1.1 HTTP/1.1" 200 40706
INFO 2017-06-14 13:56:13,670 "POST /ueditor/controller/?imagePathFormat=news&filePathFormat=files&action=uploadimage HTTP/1.1" 200 102
INFO 2017-06-14 13:56:13,723 "GET /upload/news/1.jpg HTTP/1.1" 200 168521
INFO 2017-06-14 13:56:18,786 "POST /admin/en/news/add/ HTTP/1.1" 302 0
INFO 2017-06-14 13:56:18,842 "GET /admin/en/news/add/ HTTP/1.1" 200 4919
INFO 2017-06-14 13:56:18,871 "GET /static/admin/css/forms.css HTTP/1.1" 304 0
INFO 2017-06-14 13:56:18,871 "GET /static/admin/css/base.css HTTP/1.1" 304 0
INFO 2017-06-14 13:56:18,878 "GET /static/admin/js/core.js HTTP/1.1" 304 0
INFO 2017-06-14 13:56:18,884 "GET /static/admin/js/vendor/jquery/jquery.js HTTP/1.1" 304 0
INFO 2017-06-14 13:56:18,885 "GET /static/admin/js/jquery.init.js HTTP/1.1" 304 0
INFO 2017-06-14 13:56:18,897 "GET /static/admin/js/admin/RelatedObjectLookups.js HTTP/1.1" 304 0
INFO 2017-06-14 13:56:18,901 "GET /static/admin/js/actions.js HTTP/1.1" 304 0
INFO 2017-06-14 13:56:18,904 "GET /static/admin/css/widgets.css HTTP/1.1" 304 0
INFO 2017-06-14 13:56:18,907 "GET /static/admin/css/fonts.css HTTP/1.1" 304 0
INFO 2017-06-14 13:56:18,913 "GET /static/admin/js/urlify.js HTTP/1.1" 304 0
INFO 2017-06-14 13:56:18,914 "GET /static/admin/js/prepopulate.js HTTP/1.1" 304 0
INFO 2017-06-14 13:56:18,917 "GET /static/admin/js/vendor/xregexp/xregexp.js HTTP/1.1" 304 0
INFO 2017-06-14 13:56:18,918 "GET /static/admin/js/change_form.js HTTP/1.1" 304 0
INFO 2017-06-14 13:56:18,920 "GET /static/admin/js/prepopulate_init.js HTTP/1.1" 304 0
INFO 2017-06-14 13:56:18,924 "GET /admin/jsi18n/ HTTP/1.1" 200 3217
INFO 2017-06-14 13:56:18,974 "GET /static/admin/fonts/Roboto-Light-webfont.woff HTTP/1.1" 304 0
INFO 2017-06-14 13:56:18,977 "GET /static/admin/fonts/Roboto-Bold-webfont.woff HTTP/1.1" 304 0
INFO 2017-06-14 13:56:18,986 "GET /static/admin/fonts/Roboto-Regular-webfont.woff HTTP/1.1" 304 0
INFO 2017-06-14 13:56:18,986 "GET /static/admin/img/icon-yes.svg HTTP/1.1" 304 0
INFO 2017-06-14 13:56:19,010 "GET /ueditor/controller/?imagePathFormat=news&filePathFormat=files&action=config&&noCache=1497419778994 HTTP/1.1" 200 2171
INFO 2017-06-14 13:56:58,476 "GET /static/ueditor/dialogs/video/video.html HTTP/1.1" 200 4192
INFO 2017-06-14 13:56:58,517 "GET /static/ueditor/dialogs/video/video.css HTTP/1.1" 200 15553
INFO 2017-06-14 13:56:58,519 "GET /static/ueditor/dialogs/video/video.js HTTP/1.1" 200 30889
INFO 2017-06-14 13:56:58,519 "GET /static/ueditor/themes/default/dialogbase.css?cache=0.7131109615209907 HTTP/1.1" 200 1685
INFO 2017-06-14 13:56:58,569 "GET /static/ueditor/dialogs/video/images/image.png HTTP/1.1" 200 1672
INFO 2017-06-14 13:56:58,592 "GET /static/ueditor/dialogs/video/images/center_focus.jpg HTTP/1.1" 200 11795
INFO 2017-06-14 13:56:58,594 "GET /static/ueditor/dialogs/video/images/left_focus.jpg HTTP/1.1" 200 11423
INFO 2017-06-14 13:56:58,595 "GET /static/ueditor/dialogs/video/images/right_focus.jpg HTTP/1.1" 200 11334
INFO 2017-06-14 13:56:58,595 "GET /static/ueditor/dialogs/video/images/none_focus.jpg HTTP/1.1" 200 11546
INFO 2017-06-14 13:57:13,654 "GET /static/ueditor/themes/default/dialogbase.css?cache=0.9506718565581163 HTTP/1.1" 200 1685
ERROR 2017-06-14 13:57:28,868 "GET /ueditor/controller/?imagePathFormat=news&filePathFormat=files&action=listimage&start=0&size=30&noCache=1497419848673 HTTP/1.1" 500 117769
INFO 2017-06-14 13:57:31,821 "GET /static/ueditor/dialogs/image/images/bg.png HTTP/1.1" 200 2810
INFO 2017-06-14 13:57:31,825 "GET /static/ueditor/dialogs/image/images/progress.png HTTP/1.1" 200 1269
INFO 2017-06-14 13:57:31,825 "GET /static/ueditor/dialogs/image/images/icons.png HTTP/1.1" 200 2678
INFO 2017-06-14 13:58:04,368 "POST /ueditor/controller/?imagePathFormat=news&filePathFormat=files&action=uploadimage&encode=utf-8 HTTP/1.1" 200 102
INFO 2017-06-14 13:58:04,401 "GET /static/ueditor/dialogs/image/images/success.png HTTP/1.1" 200 1621
INFO 2017-06-14 13:58:04,411 "POST /ueditor/controller/?imagePathFormat=news&filePathFormat=files&action=uploadimage&encode=utf-8 HTTP/1.1" 200 102
INFO 2017-06-14 13:58:04,414 "POST /ueditor/controller/?imagePathFormat=news&filePathFormat=files&action=uploadimage&encode=utf-8 HTTP/1.1" 200 101
INFO 2017-06-14 13:58:06,335 "GET /upload/news/6.jpg HTTP/1.1" 200 77565
INFO 2017-06-14 13:58:06,335 "GET /upload/news/4.jpg HTTP/1.1" 200 125581
INFO 2017-06-14 13:58:06,345 "GET /upload/news/8.jpg HTTP/1.1" 200 175972
INFO 2017-06-14 13:58:13,072 "POST /admin/en/news/add/ HTTP/1.1" 302 0
INFO 2017-06-14 13:58:13,220 "GET /admin/en/news/ HTTP/1.1" 200 5015
INFO 2017-06-14 13:58:13,237 "GET /static/admin/css/changelists.css HTTP/1.1" 304 0
INFO 2017-06-14 13:58:13,247 "GET /admin/jsi18n/ HTTP/1.1" 200 3217
INFO 2017-06-14 13:58:13,286 "GET /static/admin/img/tooltag-add.svg HTTP/1.1" 304 0
INFO 2017-06-14 13:58:15,221 "GET /about_us/ HTTP/1.1" 200 17144
INFO 2017-06-14 13:58:15,250 "GET /upload/exhi/1_BUszUE4.jpg HTTP/1.1" 304 0
WARNING 2017-06-14 13:58:15,256 "GET /about_us/j/static/s/jquery.carouFredSel-6.2.0-packed.js HTTP/1.1" 404 3397
INFO 2017-06-14 13:58:15,262 "GET /upload/exhi/8_BD6hcGJ.jpg HTTP/1.1" 304 0
WARNING 2017-06-14 13:58:15,282 "GET /static/img/close.png HTTP/1.1" 404 1652
WARNING 2017-06-14 13:58:15,296 "GET /static/img/loading.gif HTTP/1.1" 404 1658
WARNING 2017-06-14 13:58:15,302 "GET /static/img/prev.png HTTP/1.1" 404 1649
WARNING 2017-06-14 13:58:15,303 "GET /static/img/next.png HTTP/1.1" 404 1649
WARNING 2017-06-14 13:58:15,322 "GET /static/images/dy_pic11.jpg HTTP/1.1" 404 1670
WARNING 2017-06-14 13:58:15,345 "GET /static/img/close.png HTTP/1.1" 404 1652
INFO 2017-06-14 13:58:17,918 "GET /about_us/news/2 HTTP/1.1" 200 8776
INFO 2017-06-14 13:58:17,944 "GET /upload/news/8.jpg HTTP/1.1" 304 0
INFO 2017-06-14 13:58:17,964 "GET /upload/news/4.jpg HTTP/1.1" 304 0
INFO 2017-06-14 13:58:17,967 "GET /upload/news/6.jpg HTTP/1.1" 304 0
INFO 2017-06-14 13:58:29,263 "GET /admin/en/news/2/change/ HTTP/1.1" 200 5988
INFO 2017-06-14 13:58:29,285 "GET /admin/jsi18n/ HTTP/1.1" 200 3217
INFO 2017-06-14 13:58:29,349 "GET /ueditor/controller/?imagePathFormat=news&filePathFormat=files&action=config&&noCache=1497419909339 HTTP/1.1" 200 2171
INFO 2017-06-14 13:58:29,505 "GET /upload/news/4.jpg HTTP/1.1" 304 0
INFO 2017-06-14 13:58:29,513 "GET /upload/news/8.jpg HTTP/1.1" 304 0
INFO 2017-06-14 13:58:29,513 "GET /upload/news/6.jpg HTTP/1.1" 304 0
INFO 2017-06-14 13:58:52,816 "POST /admin/en/news/2/change/ HTTP/1.1" 302 0
INFO 2017-06-14 13:58:52,892 "GET /admin/en/news/ HTTP/1.1" 200 5017
INFO 2017-06-14 13:58:52,914 "GET /admin/jsi18n/ HTTP/1.1" 200 3217
INFO 2017-06-14 13:58:54,959 "GET /about_us/ HTTP/1.1" 200 17144
WARNING 2017-06-14 13:58:54,983 "GET /about_us/j/static/s/jquery.carouFredSel-6.2.0-packed.js HTTP/1.1" 404 3397
WARNING 2017-06-14 13:58:55,022 "GET /static/img/close.png HTTP/1.1" 404 1652
WARNING 2017-06-14 13:58:55,032 "GET /static/img/loading.gif HTTP/1.1" 404 1658
WARNING 2017-06-14 13:58:55,040 "GET /static/img/prev.png HTTP/1.1" 404 1649
WARNING 2017-06-14 13:58:55,043 "GET /about_us/j/static/s/jquery.carouFredSel-6.2.0-packed.js HTTP/1.1" 404 3397
WARNING 2017-06-14 13:58:55,048 "GET /static/img/next.png HTTP/1.1" 404 1649
WARNING 2017-06-14 13:58:55,062 "GET /static/images/dy_pic11.jpg HTTP/1.1" 404 1670
WARNING 2017-06-14 13:58:55,098 "GET /static/img/loading.gif HTTP/1.1" 404 1658
WARNING 2017-06-14 13:58:55,099 "GET /static/img/close.png HTTP/1.1" 404 1652
INFO 2017-06-14 13:58:56,318 "GET /about_us/ HTTP/1.1" 200 17144
WARNING 2017-06-14 13:58:56,339 "GET /about_us/j/static/s/jquery.carouFredSel-6.2.0-packed.js HTTP/1.1" 404 3397
WARNING 2017-06-14 13:58:56,361 "GET /static/img/close.png HTTP/1.1" 404 1652
WARNING 2017-06-14 13:58:56,368 "GET /static/img/loading.gif HTTP/1.1" 404 1658
WARNING 2017-06-14 13:58:56,378 "GET /static/img/prev.png HTTP/1.1" 404 1649
WARNING 2017-06-14 13:58:56,384 "GET /about_us/j/static/s/jquery.carouFredSel-6.2.0-packed.js HTTP/1.1" 404 3397
WARNING 2017-06-14 13:58:56,387 "GET /static/img/next.png HTTP/1.1" 404 1649
WARNING 2017-06-14 13:58:56,456 "GET /static/images/dy_pic11.jpg HTTP/1.1" 404 1670
WARNING 2017-06-14 13:58:56,457 "GET /static/img/loading.gif HTTP/1.1" 404 1658
WARNING 2017-06-14 13:58:56,460 "GET /static/img/close.png HTTP/1.1" 404 1652
INFO 2017-06-14 13:58:58,480 "GET /about_us/ HTTP/1.1" 200 17144
WARNING 2017-06-14 13:58:58,509 "GET /about_us/j/static/s/jquery.carouFredSel-6.2.0-packed.js HTTP/1.1" 404 3397
WARNING 2017-06-14 13:58:58,546 "GET /static/images/dy_pic11.jpg HTTP/1.1" 404 1670
INFO 2017-06-14 13:59:00,173 "GET /about_us/news/2 HTTP/1.1" 200 8954
INFO 2017-06-14 13:59:00,198 "GET /upload/news/8.jpg HTTP/1.1" 304 0
INFO 2017-06-14 13:59:00,226 "GET /upload/news/6.jpg HTTP/1.1" 304 0
INFO 2017-06-14 13:59:00,226 "GET /upload/news/4.jpg HTTP/1.1" 304 0
INFO 2017-06-14 13:59:03,417 "GET /about_us/ HTTP/1.1" 200 17144
WARNING 2017-06-14 13:59:03,453 "GET /about_us/j/static/s/jquery.carouFredSel-6.2.0-packed.js HTTP/1.1" 404 3397
WARNING 2017-06-14 13:59:03,484 "GET /static/images/dy_pic11.jpg HTTP/1.1" 404 1670
INFO 2017-06-14 13:59:08,365 "GET /admin/en/ HTTP/1.1" 200 6475
INFO 2017-06-14 13:59:08,375 "GET /static/admin/css/dashboard.css HTTP/1.1" 304 0
INFO 2017-06-14 13:59:08,385 "GET /static/admin/img/icon-addlink.svg HTTP/1.1" 304 0
INFO 2017-06-14 13:59:08,387 "GET /static/admin/img/icon-changelink.svg HTTP/1.1" 304 0
INFO 2017-06-14 13:59:12,086 "GET /admin/en/company/ HTTP/1.1" 200 3220
INFO 2017-06-14 13:59:12,108 "GET /admin/jsi18n/ HTTP/1.1" 200 3217
INFO 2017-06-14 13:59:14,309 "GET /admin/en/company/add/ HTTP/1.1" 200 10523
WARNING 2017-06-14 13:59:14,329 "GET /static/admin/js/jquery.js HTTP/1.1" 404 1667
INFO 2017-06-14 13:59:14,336 "GET /admin/jsi18n/ HTTP/1.1" 200 3217
WARNING 2017-06-14 13:59:14,355 "GET /static/admin/js/jquery.js HTTP/1.1" 404 1667
WARNING 2017-06-14 13:59:14,364 "GET /static/admin/img/nav-bg.gif HTTP/1.1" 404 1673
WARNING 2017-06-14 13:59:14,388 "GET /static/admin/img/icon_addlink.gif HTTP/1.1" 404 1691
INFO 2017-06-14 13:59:29,296 "GET /static/admin/img/inline-delete.svg HTTP/1.1" 304 0
INFO 2017-06-14 13:59:37,325 "POST /admin/en/company/add/ HTTP/1.1" 302 0
INFO 2017-06-14 13:59:37,411 "GET /admin/en/company/ HTTP/1.1" 200 4731
INFO 2017-06-14 13:59:37,434 "GET /admin/jsi18n/ HTTP/1.1" 200 3217
INFO 2017-06-14 13:59:40,200 "GET /about_us/ HTTP/1.1" 200 18032
INFO 2017-06-14 13:59:40,229 "GET /upload/exhi/1_BUszUE4.jpg HTTP/1.1" 304 0
WARNING 2017-06-14 13:59:40,234 "GET /about_us/j/static/s/jquery.carouFredSel-6.2.0-packed.js HTTP/1.1" 404 3397
INFO 2017-06-14 13:59:40,240 "GET /upload/exhi/8_BD6hcGJ.jpg HTTP/1.1" 304 0
INFO 2017-06-14 13:59:40,249 "GET /upload/cer/1_GebMsTI.jpg HTTP/1.1" 200 23681
INFO 2017-06-14 13:59:40,263 "GET /upload/cer/2_gGPkrR0.jpg HTTP/1.1" 200 47516
WARNING 2017-06-14 13:59:40,335 "GET /static/images/dy_pic11.jpg HTTP/1.1" 404 1670
INFO 2017-06-14 13:59:40,339 "GET /upload/cer/3_PmH8U0m.jpg HTTP/1.1" 200 52565
INFO 2017-06-14 13:59:40,346 "GET /upload/cer/6_AjVO1j0.jpg HTTP/1.1" 200 115236
INFO 2017-06-14 13:59:40,372 "GET /upload/cer/4_0Rv9xzO.png HTTP/1.1" 200 306347
INFO 2017-06-14 13:59:40,385 "GET /upload/cer/2_r5oSorW.png HTTP/1.1" 200 302650
WARNING 2017-06-14 13:59:40,398 "GET /static/images/jiantou2.png HTTP/1.1" 404 1670
INFO 2017-06-14 13:59:41,153 "GET /static/images/qianxleft1.png HTTP/1.1" 200 2274
WARNING 2017-06-14 13:59:47,466 "GET /static/img/prev.png HTTP/1.1" 404 1649
INFO 2017-06-14 14:00:03,538 "GET /about_us/ HTTP/1.1" 200 18032
INFO 2017-06-14 14:00:03,579 "GET /upload/cer/1_GebMsTI.jpg HTTP/1.1" 304 0
WARNING 2017-06-14 14:00:03,585 "GET /about_us/j/static/s/jquery.carouFredSel-6.2.0-packed.js HTTP/1.1" 404 3397
INFO 2017-06-14 14:00:03,592 "GET /upload/cer/2_gGPkrR0.jpg HTTP/1.1" 304 0
INFO 2017-06-14 14:00:03,601 "GET /upload/cer/2_r5oSorW.png HTTP/1.1" 304 0
INFO 2017-06-14 14:00:03,611 "GET /upload/cer/3_PmH8U0m.jpg HTTP/1.1" 304 0
INFO 2017-06-14 14:00:03,625 "GET /upload/cer/4_0Rv9xzO.png HTTP/1.1" 304 0
INFO 2017-06-14 14:00:03,628 "GET /upload/cer/6_AjVO1j0.jpg HTTP/1.1" 304 0
WARNING 2017-06-14 14:00:03,650 "GET /static/images/dy_pic11.jpg HTTP/1.1" 404 1670
WARNING 2017-06-14 14:00:04,647 "GET /static/images/jiantou2.png HTTP/1.1" 404 1670
INFO 2017-06-14 14:00:16,010 "GET /admin/en/ HTTP/1.1" 200 6475
INFO 2017-06-14 14:00:16,019 "GET /static/admin/css/base.css HTTP/1.1" 304 0
INFO 2017-06-14 14:00:16,026 "GET /static/admin/css/fonts.css HTTP/1.1" 304 0
INFO 2017-06-14 14:00:16,035 "GET /static/admin/fonts/Roboto-Light-webfont.woff HTTP/1.1" 304 0
INFO 2017-06-14 14:00:16,036 "GET /static/admin/fonts/Roboto-Bold-webfont.woff HTTP/1.1" 304 0
INFO 2017-06-14 14:00:16,040 "GET /static/admin/fonts/Roboto-Regular-webfont.woff HTTP/1.1" 304 0
INFO 2017-06-14 14:00:18,006 "GET /information HTTP/1.1" 301 0
INFO 2017-06-14 14:00:18,033 "GET /information/ HTTP/1.1" 200 7031
INFO 2017-06-14 14:00:18,053 "GET /static/js/highlight.pack.js HTTP/1.1" 200 13928
INFO 2017-06-14 14:00:18,059 "GET /static/js/velocity.min.js HTTP/1.1" 200 33777
INFO 2017-06-14 14:00:18,059 "GET /static/js/bellows.min.js HTTP/1.1" 200 3081
INFO 2017-06-14 14:00:18,075 "GET /information/css/jquery-ui.css HTTP/1.1" 200 7031
INFO 2017-06-14 14:00:22,355 "GET /admin/en/faq/ HTTP/1.1" 200 2990
INFO 2017-06-14 14:00:22,375 "GET /static/admin/js/core.js HTTP/1.1" 304 0
INFO 2017-06-14 14:00:22,375 "GET /static/admin/js/jquery.init.js HTTP/1.1" 304 0
INFO 2017-06-14 14:00:22,375 "GET /static/admin/js/vendor/jquery/jquery.js HTTP/1.1" 304 0
INFO 2017-06-14 14:00:22,378 "GET /static/admin/js/admin/RelatedObjectLookups.js HTTP/1.1" 304 0
INFO 2017-06-14 14:00:22,380 "GET /static/admin/js/actions.js HTTP/1.1" 304 0
INFO 2017-06-14 14:00:22,387 "GET /static/admin/js/urlify.js HTTP/1.1" 304 0
INFO 2017-06-14 14:00:22,388 "GET /static/admin/js/prepopulate.js HTTP/1.1" 304 0
INFO 2017-06-14 14:00:22,390 "GET /static/admin/js/vendor/xregexp/xregexp.js HTTP/1.1" 304 0
INFO 2017-06-14 14:00:22,398 "GET /admin/jsi18n/ HTTP/1.1" 200 3217
INFO 2017-06-14 14:00:30,519 "GET /admin/en/faq/add/ HTTP/1.1" 200 5135
INFO 2017-06-14 14:00:30,536 "GET /static/admin/css/forms.css HTTP/1.1" 304 0
INFO 2017-06-14 14:00:30,539 "GET /static/admin/js/change_form.js HTTP/1.1" 304 0
INFO 2017-06-14 14:00:30,542 "GET /static/admin/js/prepopulate_init.js HTTP/1.1" 304 0
INFO 2017-06-14 14:00:30,546 "GET /static/admin/css/widgets.css HTTP/1.1" 304 0
INFO 2017-06-14 14:00:30,552 "GET /admin/jsi18n/ HTTP/1.1" 200 3217
INFO 2017-06-14 14:00:30,625 "GET /ueditor/controller/?imagePathFormat=faq&filePathFormat=files&action=config&&noCache=1497420030614 HTTP/1.1" 200 2171
INFO 2017-06-14 14:00:41,194 "POST /admin/en/faq/add/ HTTP/1.1" 302 0
INFO 2017-06-14 14:00:41,299 "GET /admin/en/faq/add/ HTTP/1.1" 200 5354
INFO 2017-06-14 14:00:41,329 "GET /admin/jsi18n/ HTTP/1.1" 200 3217
INFO 2017-06-14 14:00:41,391 "GET /static/admin/img/icon-yes.svg HTTP/1.1" 304 0
INFO 2017-06-14 14:00:41,434 "GET /ueditor/controller/?imagePathFormat=faq&filePathFormat=files&action=config&&noCache=1497420041401 HTTP/1.1" 200 2171
INFO 2017-06-14 14:01:46,845 "POST /admin/en/faq/add/ HTTP/1.1" 302 0
INFO 2017-06-14 14:01:46,904 "GET /admin/en/faq/add/ HTTP/1.1" 200 5373
INFO 2017-06-14 14:01:46,937 "GET /admin/jsi18n/ HTTP/1.1" 200 3217
INFO 2017-06-14 14:01:47,005 "GET /ueditor/controller/?imagePathFormat=faq&filePathFormat=files&action=config&&noCache=1497420106990 HTTP/1.1" 200 2171
INFO 2017-06-14 14:01:59,871 "POST /admin/en/faq/add/ HTTP/1.1" 302 0
INFO 2017-06-14 14:01:59,957 "GET /admin/en/faq/add/ HTTP/1.1" 200 5365
INFO 2017-06-14 14:01:59,980 "GET /admin/jsi18n/ HTTP/1.1" 200 3217
INFO 2017-06-14 14:02:00,072 "GET /ueditor/controller/?imagePathFormat=faq&filePathFormat=files&action=config&&noCache=1497420120055 HTTP/1.1" 200 2171
INFO 2017-06-14 14:02:14,806 "POST /admin/en/faq/add/ HTTP/1.1" 302 0
INFO 2017-06-14 14:02:14,871 "GET /admin/en/faq/ HTTP/1.1" 200 9632
INFO 2017-06-14 14:02:14,892 "GET /static/admin/css/changelists.css HTTP/1.1" 304 0
INFO 2017-06-14 14:02:14,904 "GET /admin/jsi18n/ HTTP/1.1" 200 3217
INFO 2017-06-14 14:02:14,944 "GET /static/admin/img/tooltag-add.svg HTTP/1.1" 304 0
INFO 2017-06-14 14:02:19,874 "GET /information/ HTTP/1.1" 200 11684
INFO 2017-06-14 14:02:19,901 "GET /information/css/jquery-ui.css HTTP/1.1" 200 11684
INFO 2017-06-14 14:07:15,444 "GET /information/ HTTP/1.1" 200 11684
INFO 2017-06-14 14:07:15,469 "GET /information/css/jquery-ui.css HTTP/1.1" 200 11684
INFO 2017-06-14 14:07:17,105 "GET / HTTP/1.1" 200 17791
INFO 2017-06-14 14:07:17,135 "GET /upload/banner/banner1_CoX5twn.jpg HTTP/1.1" 304 0
INFO 2017-06-14 14:07:17,147 "GET /upload/banner/banner2_Cve3Pwe.jpg HTTP/1.1" 304 0
INFO 2017-06-14 14:07:17,157 "GET /upload/banner/banner3_W95QgVU.jpg HTTP/1.1" 304 0
INFO 2017-06-14 14:07:17,184 "GET /upload/banner/c2.jpg HTTP/1.1" 304 0
INFO 2017-06-14 14:07:17,244 "GET /upload/product/pic9.jpg HTTP/1.1" 304 0
INFO 2017-06-14 14:07:17,246 "GET /upload/product/pic5.jpg HTTP/1.1" 304 0
INFO 2017-06-14 14:07:17,247 "GET /upload/product/pic7.jpg HTTP/1.1" 304 0
INFO 2017-06-14 14:07:17,257 "GET /upload/advantage/4_olNFqxN.jpg HTTP/1.1" 304 0
INFO 2017-06-14 14:07:17,259 "GET /upload/advantage/3.png HTTP/1.1" 304 0
INFO 2017-06-14 14:07:17,319 "GET /upload/advantage/4_EVluPk5.jpg HTTP/1.1" 304 0
INFO 2017-06-14 14:07:17,572 "GET /upload/advantage/4_rbKoUPx.jpg HTTP/1.1" 304 0
INFO 2017-06-14 14:07:17,585 "GET /upload/cases/after_02_ywcGtYX.jpg HTTP/1.1" 304 0
INFO 2017-06-14 14:07:17,651 "GET /upload/cases/after_08_sbi6Hyv.jpg HTTP/1.1" 304 0
INFO 2017-06-14 14:07:17,654 "GET /upload/cases/after_10_1CD1vLF.jpg HTTP/1.1" 304 0
INFO 2017-06-14 14:07:17,684 "GET /upload/cases/after_12.jpg HTTP/1.1" 304 0
INFO 2017-06-14 14:07:17,767 "GET /upload/cases/before_08.jpg HTTP/1.1" 304 0
WARNING 2017-06-14 14:07:17,839 "GET /static/css/images/load.gif HTTP/1.1" 404 1670
INFO 2017-06-14 14:12:26,844 "GET / HTTP/1.1" 200 17791
INFO 2017-06-14 14:12:26,868 "GET /upload/banner/banner1_CoX5twn.jpg HTTP/1.1" 304 0
INFO 2017-06-14 14:12:26,877 "GET /upload/banner/banner2_Cve3Pwe.jpg HTTP/1.1" 304 0
INFO 2017-06-14 14:12:26,887 "GET /upload/banner/banner3_W95QgVU.jpg HTTP/1.1" 304 0
INFO 2017-06-14 14:12:26,898 "GET /upload/banner/c2.jpg HTTP/1.1" 304 0
INFO 2017-06-14 14:12:26,905 "GET /upload/product/pic9.jpg HTTP/1.1" 304 0
INFO 2017-06-14 14:12:26,914 "GET /upload/product/pic7.jpg HTTP/1.1" 304 0
INFO 2017-06-14 14:12:26,974 "GET /upload/product/pic5.jpg HTTP/1.1" 304 0
INFO 2017-06-14 14:12:26,993 "GET /upload/advantage/4_olNFqxN.jpg HTTP/1.1" 304 0
INFO 2017-06-14 14:12:27,000 "GET /upload/advantage/4_EVluPk5.jpg HTTP/1.1" 304 0
INFO 2017-06-14 14:12:27,016 "GET /upload/advantage/3.png HTTP/1.1" 304 0
INFO 2017-06-14 14:12:27,020 "GET /upload/advantage/4_rbKoUPx.jpg HTTP/1.1" 304 0
INFO 2017-06-14 14:12:27,026 "GET /upload/cases/after_02_ywcGtYX.jpg HTTP/1.1" 304 0
INFO 2017-06-14 14:12:27,227 "GET /upload/cases/after_08_sbi6Hyv.jpg HTTP/1.1" 304 0
WARNING 2017-06-14 14:12:27,229 "GET /static/css/images/load.gif HTTP/1.1" 404 1670
INFO 2017-06-14 14:12:27,250 "GET /upload/cases/after_10_1CD1vLF.jpg HTTP/1.1" 304 0
INFO 2017-06-14 14:12:27,250 "GET /upload/cases/before_08.jpg HTTP/1.1" 304 0
INFO 2017-06-14 14:12:27,257 "GET /upload/cases/after_12.jpg HTTP/1.1" 304 0
