WARNING 2018-03-07 16:53:42,548 Not Found: /favicon.ico
WARNING 2018-03-08 09:18:15,688 Not Found: /favicon.ico
WARNING 2018-03-08 09:40:59,084 Not Found: /about_us/j/static/s/jquery.carouFredSel-6.2.0-packed.js
WARNING 2018-03-08 09:41:59,062 Not Found: /about_us/j/static/s/jquery.carouFredSel-6.2.0-packed.js
WARNING 2018-03-08 09:42:17,180 Not Found: /about_us/j/static/s/jquery.carouFredSel-6.2.0-packed.js
WARNING 2018-03-08 09:50:23,905 Not Found: /None
WARNING 2018-03-08 09:51:07,779 Not Found: /None
WARNING 2018-03-08 09:51:32,602 Not Found: /None
WARNING 2018-03-08 09:52:10,020 Not Found: /None
WARNING 2018-03-09 09:46:17,618 Not Found: /favicon.ico
WARNING 2018-03-09 10:07:48,951 Not Found: /about_us/j/static/s/jquery.carouFredSel-6.2.0-packed.js
WARNING 2018-03-09 10:07:49,038 Not Found: /about_us/j/static/s/jquery.carouFredSel-6.2.0-packed.js
WARNING 2018-03-09 10:12:38,552 Not Found: /about_us/j/static/s/jquery.carouFredSel-6.2.0-packed.js
WARNING 2018-03-09 14:19:16,612 Not Found: /about_us/j/static/s/jquery.carouFredSel-6.2.0-packed.js
WARNING 2018-03-09 14:19:17,055 Not Found: /about_us/j/static/s/jquery.carouFredSel-6.2.0-packed.js
WARNING 2018-03-09 14:53:09,513 Not Found: /about_us/j/static/s/jquery.carouFredSel-6.2.0-packed.js
WARNING 2018-03-09 14:53:51,207 Not Found: /about_us/j/static/s/jquery.carouFredSel-6.2.0-packed.js
WARNING 2018-03-09 14:54:07,657 Not Found: /about_us/j/static/s/jquery.carouFredSel-6.2.0-packed.js
WARNING 2018-03-09 14:54:12,733 Not Found: /about_us/j/static/s/jquery.carouFredSel-6.2.0-packed.js
WARNING 2018-03-09 14:54:19,825 Not Found: /about_us/j/static/s/jquery.carouFredSel-6.2.0-packed.js
WARNING 2018-03-09 14:54:24,299 Not Found: /about_us/j/static/s/jquery.carouFredSel-6.2.0-packed.js
WARNING 2018-03-09 14:54:30,851 Not Found: /about_us/j/static/s/jquery.carouFredSel-6.2.0-packed.js
WARNING 2018-03-13 12:57:14,292 Not Found: /about_us/images/certificate/1.png
WARNING 2018-03-13 12:57:14,888 Not Found: /about_us/images/certificate/2.png
WARNING 2018-03-13 12:57:14,967 Not Found: /about_us/images/certificate/3.png
WARNING 2018-03-13 12:57:14,967 Not Found: /about_us/images/certificate/4.png
WARNING 2018-03-13 12:57:15,144 Not Found: /about_us/images/certificate/6.png
WARNING 2018-03-13 12:57:15,214 Not Found: /about_us/images/certificate/5.png
WARNING 2018-03-13 12:57:15,938 Not Found: /about_us/images/qianxleft.png
WARNING 2018-03-13 12:57:16,081 Not Found: /about_us/images/qianxr.png
WARNING 2018-03-13 12:59:39,107 Not Found: /about_us/images/certificate/1.png
WARNING 2018-03-13 12:59:39,328 Not Found: /about_us/images/certificate/2.png
WARNING 2018-03-13 12:59:39,404 Not Found: /about_us/images/certificate/3.png
WARNING 2018-03-13 12:59:40,601 Not Found: /about_us/images/certificate/4.png
WARNING 2018-03-13 12:59:40,714 Not Found: /about_us/images/certificate/5.png
WARNING 2018-03-13 12:59:40,819 Not Found: /about_us/images/certificate/6.png
WARNING 2018-03-13 12:59:40,822 Not Found: /about_us/images/qianxr.png
WARNING 2018-03-13 12:59:40,923 Not Found: /about_us/images/qianxleft.png
WARNING 2018-03-13 12:59:49,578 Not Found: /about_us/images/certificate/3.png
WARNING 2018-03-13 13:08:41,374 Not Found: /about_us/images/qianxleft.png
WARNING 2018-03-13 13:08:41,408 Not Found: /about_us/images/qianxr.png
WARNING 2018-03-13 13:08:54,683 Not Found: /about_us/images/qianxr.png
WARNING 2018-03-13 13:08:54,740 Not Found: /about_us/images/qianxleft.png
WARNING 2018-03-13 13:10:18,515 Not Found: /about_us/images/qianxr.png
WARNING 2018-03-13 13:10:18,711 Not Found: /about_us/images/qianxleft.png
WARNING 2018-03-13 13:12:47,441 Not Found: /sttaic/images/qianxleft.png
WARNING 2018-03-13 13:16:25,875 Not Found: /about_us/css/bootstrap.css
WARNING 2018-03-13 13:16:26,003 Not Found: /about_us/css/jquery-ui.css
WARNING 2018-03-13 13:16:26,030 Not Found: /about_us/css/popuo-box.css
WARNING 2018-03-13 13:16:26,421 Not Found: /about_us/css/style.css
WARNING 2018-03-13 13:16:26,555 Not Found: /about_us/css/lightbox.css
WARNING 2018-03-13 13:16:26,558 Not Found: /about_us/js/jquery-2.1.4.min.js
WARNING 2018-03-13 13:16:26,569 Not Found: /about_us/css/animate.css
WARNING 2018-03-13 13:16:26,733 Not Found: /about_us/js/numscroller-1.0.js
WARNING 2018-03-13 13:16:26,773 Not Found: /about_us/js/move-top.js
WARNING 2018-03-13 13:16:27,433 Not Found: /about_us/js/easing.js
WARNING 2018-03-13 13:16:28,229 Not Found: /about_us/js/lightbox-2.6.min.js
WARNING 2018-03-13 13:16:28,405 Not Found: /about_us/js/jquery.carouFredSel-6.2.0-packed.js
WARNING 2018-03-13 13:16:28,483 Not Found: /about_us/js/jquery-ui.js
WARNING 2018-03-13 13:16:28,872 Not Found: /about_us/js/responsiveslides.min.js
WARNING 2018-03-13 13:16:29,174 Not Found: /about_us/js/bootstrap-3.1.1.min.js
WARNING 2018-03-13 13:16:29,210 Not Found: /about_us/js/jquery.carouFredSel-6.2.0-packed.js
WARNING 2018-03-13 13:16:29,492 Not Found: /about_us/images/logo.png
WARNING 2018-03-13 13:16:32,296 Not Found: /about_us/images/exhibition/1.jpg
WARNING 2018-03-13 13:16:32,303 Not Found: /about_us/js/responsiveslides.min.js
WARNING 2018-03-13 13:16:33,565 Not Found: /about_us/images/exhibition/2.jpg
WARNING 2018-03-13 13:16:33,566 Not Found: /about_us/css/animate.css
WARNING 2018-03-13 13:16:33,569 Not Found: /about_us/js/bootstrap-3.1.1.min.js
WARNING 2018-03-13 13:16:34,546 Not Found: /about_us/images/exhibition/3.jpg
WARNING 2018-03-13 13:16:34,756 Not Found: /about_us/images/exhibition/5.jpg
WARNING 2018-03-13 13:16:34,767 Not Found: /about_us/images/exhibition/4.jpg
WARNING 2018-03-13 13:16:35,072 Not Found: /about_us/images/exhibition/6.jpg
WARNING 2018-03-13 13:16:35,214 Not Found: /about_us/images/exhibition/7.jpg
WARNING 2018-03-13 13:16:35,372 Not Found: /about_us/images/exhibition/8.jpg
WARNING 2018-03-13 13:16:36,351 Not Found: /about_us/images/logo.png
WARNING 2018-03-13 13:16:36,552 Not Found: /about_us/images/news_date01.jpg
WARNING 2018-03-13 13:16:36,565 Not Found: /about_us/images/certificate/1.png
WARNING 2018-03-13 13:16:36,887 Not Found: /about_us/images/certificate/2.png
WARNING 2018-03-13 13:16:36,917 Not Found: /about_us/images/certificate/3.png
WARNING 2018-03-13 13:16:37,177 Not Found: /about_us/images/certificate/4.png
WARNING 2018-03-13 13:16:37,823 Not Found: /about_us/images/certificate/5.png
WARNING 2018-03-13 13:16:37,946 Not Found: /about_us/images/certificate/6.png
WARNING 2018-03-13 13:16:37,960 Not Found: /about_us/images/qianxleft.png
WARNING 2018-03-13 13:16:38,085 Not Found: /about_us/images/qianxr.png
WARNING 2018-03-13 13:16:38,174 Not Found: /about_us/images/exhibition/1.jpg
WARNING 2018-03-13 13:22:48,563 Not Found: /favicon.ico
WARNING 2018-03-13 13:23:28,674 Not Found: /favicon.ico
WARNING 2018-03-13 13:25:06,339 Not Found: /upload/banner/banner1.jpg
WARNING 2018-03-13 13:25:08,036 Not Found: /upload/banner/banner1.jpg
WARNING 2018-03-13 13:25:31,003 Not Found: /upload/banner/banner1.jpg
WARNING 2018-03-13 13:29:43,848 Not Found: /favicon.ico
WARNING 2018-03-14 09:41:51,196 Not Found: /favicon.ico
WARNING 2018-03-14 09:42:35,414 Not Found: /favicon.ico
WARNING 2018-03-20 12:50:32,677 Not Found: /favicon.ico
WARNING 2018-03-20 12:58:14,823 Not Found: /favicon.ico
